[    0.000000] Linux version 4.15.0-135-generic (buildd@lgw01-amd64-005) (gcc version 7.5.0 (Ubuntu 7.5.0-3ubuntu1~18.04)) #139-Ubuntu SMP Mon Jan 18 17:38:24 UTC 2021 (Ubuntu 4.15.0-135.139-generic 4.15.18)
[    0.000000] Command line: BOOT_IMAGE=/boot/vmlinuz-4.15.0-135-generic root=LABEL=cloudimg-rootfs ro console=tty1 console=ttyS0
[    0.000000] KERNEL supported cpus:
[    0.000000]   Intel GenuineIntel
[    0.000000]   AMD AuthenticAMD
[    0.000000]   Centaur CentaurHauls
[    0.000000] x86/fpu: Supporting XSAVE feature 0x001: 'x87 floating point registers'
[    0.000000] x86/fpu: Supporting XSAVE feature 0x002: 'SSE registers'
[    0.000000] x86/fpu: Supporting XSAVE feature 0x004: 'AVX registers'
[    0.000000] x86/fpu: xstate_offset[2]:  576, xstate_sizes[2]:  256
[    0.000000] x86/fpu: Enabled xstate features 0x7, context size is 832 bytes, using 'standard' format.
[    0.000000] e820: BIOS-provided physical RAM map:
[    0.000000] BIOS-e820: [mem 0x0000000000000000-0x000000000009fbff] usable
[    0.000000] BIOS-e820: [mem 0x000000000009fc00-0x000000000009ffff] reserved
[    0.000000] BIOS-e820: [mem 0x00000000000f0000-0x00000000000fffff] reserved
[    0.000000] BIOS-e820: [mem 0x0000000000100000-0x000000003ffeffff] usable
[    0.000000] BIOS-e820: [mem 0x000000003fff0000-0x000000003fffffff] ACPI data
[    0.000000] BIOS-e820: [mem 0x00000000fec00000-0x00000000fec00fff] reserved
[    0.000000] BIOS-e820: [mem 0x00000000fee00000-0x00000000fee00fff] reserved
[    0.000000] BIOS-e820: [mem 0x00000000fffc0000-0x00000000ffffffff] reserved
[    0.000000] NX (Execute Disable) protection: active
[    0.000000] SMBIOS 2.5 present.
[    0.000000] DMI: innotek GmbH VirtualBox/VirtualBox, BIOS VirtualBox 12/01/2006
[    0.000000] Hypervisor detected: KVM
[    0.000000] e820: last_pfn = 0x3fff0 max_arch_pfn = 0x400000000
[    0.000000] MTRR: Disabled
[    0.000000] x86/PAT: MTRRs disabled, skipping PAT initialization too.
[    0.000000] CPU MTRRs all blank - virtualized system.
[    0.000000] x86/PAT: Configuration [0-7]: WB  WT  UC- UC  WB  WT  UC- UC  
[    0.000000] found SMP MP-table at [mem 0x0009fff0-0x0009ffff]
[    0.000000] Scanning 1 areas for low memory corruption
[    0.000000] RAMDISK: [mem 0x35a63000-0x36d28fff]
[    0.000000] ACPI: Early table checksum verification disabled
[    0.000000] ACPI: RSDP 0x00000000000E0000 000024 (v02 VBOX  )
[    0.000000] ACPI: XSDT 0x000000003FFF0030 00003C (v01 VBOX   VBOXXSDT 00000001 ASL  00000061)
[    0.000000] ACPI: FACP 0x000000003FFF00F0 0000F4 (v04 VBOX   VBOXFACP 00000001 ASL  00000061)
[    0.000000] ACPI: DSDT 0x000000003FFF0470 002325 (v02 VBOX   VBOXBIOS 00000002 INTL 20120111)
[    0.000000] ACPI: FACS 0x000000003FFF0200 000040
[    0.000000] ACPI: FACS 0x000000003FFF0200 000040
[    0.000000] ACPI: APIC 0x000000003FFF0240 00005C (v02 VBOX   VBOXAPIC 00000001 ASL  00000061)
[    0.000000] ACPI: SSDT 0x000000003FFF02A0 0001CC (v01 VBOX   VBOXCPUT 00000002 INTL 20120111)
[    0.000000] No NUMA configuration found
[    0.000000] Faking a node at [mem 0x0000000000000000-0x000000003ffeffff]
[    0.000000] NODE_DATA(0) allocated [mem 0x3ffc5000-0x3ffeffff]
[    0.000000] kvm-clock: cpu 0, msr 0:3ff44001, primary cpu clock
[    0.000000] kvm-clock: Using msrs 4b564d01 and 4b564d00
[    0.000000] kvm-clock: using sched offset of 5481667005 cycles
[    0.000000] clocksource: kvm-clock: mask: 0xffffffffffffffff max_cycles: 0x1cd42e4dffb, max_idle_ns: 881590591483 ns
[    0.000000] Zone ranges:
[    0.000000]   DMA      [mem 0x0000000000001000-0x0000000000ffffff]
[    0.000000]   DMA32    [mem 0x0000000001000000-0x000000003ffeffff]
[    0.000000]   Normal   empty
[    0.000000]   Device   empty
[    0.000000] Movable zone start for each node
[    0.000000] Early memory node ranges
[    0.000000]   node   0: [mem 0x0000000000001000-0x000000000009efff]
[    0.000000]   node   0: [mem 0x0000000000100000-0x000000003ffeffff]
[    0.000000] Reserved but unavailable: 98 pages
[    0.000000] Initmem setup node 0 [mem 0x0000000000001000-0x000000003ffeffff]
[    0.000000] ACPI: PM-Timer IO Port: 0x4008
[    0.000000] IOAPIC[0]: apic_id 2, version 32, address 0xfec00000, GSI 0-23
[    0.000000] ACPI: INT_SRC_OVR (bus 0 bus_irq 0 global_irq 2 dfl dfl)
[    0.000000] ACPI: INT_SRC_OVR (bus 0 bus_irq 9 global_irq 9 low level)
[    0.000000] Using ACPI (MADT) for SMP configuration information
[    0.000000] smpboot: Allowing 2 CPUs, 0 hotplug CPUs
[    0.000000] PM: Registered nosave memory: [mem 0x00000000-0x00000fff]
[    0.000000] PM: Registered nosave memory: [mem 0x0009f000-0x0009ffff]
[    0.000000] PM: Registered nosave memory: [mem 0x000a0000-0x000effff]
[    0.000000] PM: Registered nosave memory: [mem 0x000f0000-0x000fffff]
[    0.000000] e820: [mem 0x40000000-0xfebfffff] available for PCI devices
[    0.000000] Booting paravirtualized kernel on KVM
[    0.000000] clocksource: refined-jiffies: mask: 0xffffffff max_cycles: 0xffffffff, max_idle_ns: 7645519600211568 ns
[    0.000000] random: get_random_bytes called from start_kernel+0x99/0x500 with crng_init=0
[    0.000000] setup_percpu: NR_CPUS:8192 nr_cpumask_bits:2 nr_cpu_ids:2 nr_node_ids:1
[    0.000000] percpu: Embedded 45 pages/cpu s147456 r8192 d28672 u1048576
[    0.000000] PV qspinlock hash table entries: 256 (order: 0, 4096 bytes)
[    0.000000] Built 1 zonelists, mobility grouping on.  Total pages: 257913
[    0.000000] Policy zone: DMA32
[    0.000000] Kernel command line: BOOT_IMAGE=/boot/vmlinuz-4.15.0-135-generic root=LABEL=cloudimg-rootfs ro console=tty1 console=ttyS0
[    0.000000] Memory: 983020K/1048120K available (12300K kernel code, 2482K rwdata, 4276K rodata, 2440K init, 2724K bss, 65100K reserved, 0K cma-reserved)
[    0.000000] SLUB: HWalign=64, Order=0-3, MinObjects=0, CPUs=2, Nodes=1
[    0.000000] Kernel/User page tables isolation: enabled
[    0.000000] ftrace: allocating 39422 entries in 154 pages
[    0.004000] Hierarchical RCU implementation.
[    0.004000] 	RCU restricting CPUs from NR_CPUS=8192 to nr_cpu_ids=2.
[    0.004000] 	Tasks RCU enabled.
[    0.004000] RCU: Adjusting geometry for rcu_fanout_leaf=16, nr_cpu_ids=2
[    0.004000] NR_IRQS: 524544, nr_irqs: 440, preallocated irqs: 16
[    0.004000] Console: colour VGA+ 80x25
[    0.004000] console [tty1] enabled
[    0.004000] console [ttyS0] enabled
[    0.004000] ACPI: Core revision 20170831
[    0.004000] ACPI: 2 ACPI AML tables successfully acquired and loaded
[    0.004000] APIC: Switch to symmetric I/O mode setup
[    0.004000] x2apic enabled
[    0.004000] Switched APIC routing to physical x2apic.
[    0.005103] ..TIMER: vector=0x30 apic1=0 pin1=2 apic2=-1 pin2=-1
[    0.008002] tsc: Detected 1799.999 MHz processor
[    0.012012] Calibrating delay loop (skipped) preset value.. 3599.99 BogoMIPS (lpj=7199996)
[    0.014076] pid_max: default: 32768 minimum: 301
[    0.015287] Security Framework initialized
[    0.016002] Yama: becoming mindful.
[    0.016952] AppArmor: AppArmor initialized
[    0.019778] Dentry cache hash table entries: 131072 (order: 8, 1048576 bytes)
[    0.020075] Inode-cache hash table entries: 65536 (order: 7, 524288 bytes)
[    0.021791] Mount-cache hash table entries: 2048 (order: 2, 16384 bytes)
[    0.024006] Mountpoint-cache hash table entries: 2048 (order: 2, 16384 bytes)
[    0.026063] Last level iTLB entries: 4KB 64, 2MB 8, 4MB 8
[    0.028003] Last level dTLB entries: 4KB 64, 2MB 0, 4MB 0, 1GB 4
[    0.029628] Spectre V1 : Mitigation: usercopy/swapgs barriers and __user pointer sanitization
[    0.032004] Spectre V2 : Mitigation: Full generic retpoline
[    0.033411] Spectre V2 : Spectre v2 / SpectreRSB mitigation: Filling RSB on context switch
[    0.035492] Speculative Store Bypass: Vulnerable
[    0.036049] SRBDS: Unknown: Dependent on hypervisor status
[    0.037433] MDS: Mitigation: Clear CPU buffers
[    0.040163] Freeing SMP alternatives memory: 36K
[    0.152161] smpboot: CPU0: Intel(R) Core(TM) i5-5350U CPU @ 1.80GHz (family: 0x6, model: 0x3d, stepping: 0x4)
[    0.156273] Performance Events: unsupported p6 CPU model 61 no PMU driver, software events only.
[    0.160075] Hierarchical SRCU implementation.
[    0.165534] NMI watchdog: Perf event create on CPU 0 failed with -2
[    0.168006] NMI watchdog: Perf NMI watchdog permanently disabled
[    0.171076] smp: Bringing up secondary CPUs ...
[    0.172410] x86: Booting SMP configuration:
[    0.176007] .... node  #0, CPUs:      #1
[    0.004000] kvm-clock: cpu 1, msr 0:3ff44041, secondary cpu clock
[    0.184033] smp: Brought up 1 node, 2 CPUs
[    0.185567] smpboot: Max logical packages: 1
[    0.187275] smpboot: Total of 2 processors activated (7199.99 BogoMIPS)
[    0.188173] devtmpfs: initialized
[    0.189160] x86/mm: Memory block size: 128MB
[    0.192164] evm: security.selinux
[    0.193060] evm: security.SMACK64
[    0.194626] evm: security.SMACK64EXEC
[    0.196008] evm: security.SMACK64TRANSMUTE
[    0.197153] evm: security.SMACK64MMAP
[    0.198209] evm: security.apparmor
[    0.200017] evm: security.ima
[    0.201352] evm: security.capability
[    0.202659] clocksource: jiffies: mask: 0xffffffff max_cycles: 0xffffffff, max_idle_ns: 7645041785100000 ns
[    0.204017] futex hash table entries: 512 (order: 3, 32768 bytes)
[    0.209590] pinctrl core: initialized pinctrl subsystem
[    0.211177] RTC time: 18:12:00, date: 02/18/21
[    0.212150] NET: Registered protocol family 16
[    0.213369] audit: initializing netlink subsys (disabled)
[    0.214954] audit: type=2000 audit(1613671927.437:1): state=initialized audit_enabled=0 res=1
[    0.216060] cpuidle: using governor ladder
[    0.217106] cpuidle: using governor menu
[    0.220057] ACPI: bus type PCI registered
[    0.221118] acpiphp: ACPI Hot Plug PCI Controller Driver version: 0.5
[    0.222867] PCI: Using configuration type 1 for base access
[    0.225056] HugeTLB registered 2.00 MiB page size, pre-allocated 0 pages
[    0.228132] ACPI: Added _OSI(Module Device)
[    0.229268] ACPI: Added _OSI(Processor Device)
[    0.230407] ACPI: Added _OSI(3.0 _SCP Extensions)
[    0.232005] ACPI: Added _OSI(Processor Aggregator Device)
[    0.233376] ACPI: Added _OSI(Linux-Dell-Video)
[    0.234520] ACPI: Added _OSI(Linux-Lenovo-NV-HDMI-Audio)
[    0.236005] ACPI: Added _OSI(Linux-HPI-Hybrid-Graphics)
[    0.238083] ACPI: Executed 1 blocks of module-level executable AML code
[    0.244470] ACPI: Interpreter enabled
[    0.245636] ACPI: (supports S0 S5)
[    0.246742] ACPI: Using IOAPIC for interrupt routing
[    0.248259] PCI: Using host bridge windows from ACPI; if necessary, use "pci=nocrs" and report a bug
[    0.250807] ACPI: Enabled 2 GPEs in block 00 to 07
[    0.260651] ACPI: PCI Root Bridge [PCI0] (domain 0000 [bus 00-ff])
[    0.262432] acpi PNP0A03:00: _OSC: OS supports [ASPM ClockPM Segments MSI]
[    0.264496] acpi PNP0A03:00: _OSC: not requesting OS control; OS requires [ExtendedConfig ASPM ClockPM MSI]
[    0.267119] acpi PNP0A03:00: fail to add MMCONFIG information, can't access extended PCI configuration space under this bridge.
[    0.268640] PCI host bridge to bus 0000:00
[    0.272005] pci_bus 0000:00: root bus resource [io  0x0000-0x0cf7 window]
[    0.273685] pci_bus 0000:00: root bus resource [io  0x0d00-0xffff window]
[    0.275365] pci_bus 0000:00: root bus resource [mem 0x000a0000-0x000bffff window]
[    0.276004] pci_bus 0000:00: root bus resource [mem 0x40000000-0xfdffffff window]
[    0.277900] pci_bus 0000:00: root bus resource [bus 00-ff]
[    0.284565] pci 0000:00:01.1: legacy IDE quirk: reg 0x10: [io  0x01f0-0x01f7]
[    0.286718] pci 0000:00:01.1: legacy IDE quirk: reg 0x14: [io  0x03f6]
[    0.288003] pci 0000:00:01.1: legacy IDE quirk: reg 0x18: [io  0x0170-0x0177]
[    0.290498] pci 0000:00:01.1: legacy IDE quirk: reg 0x1c: [io  0x0376]
[    0.318916] pci 0000:00:07.0: quirk: [io  0x4000-0x403f] claimed by PIIX4 ACPI
[    0.320027] pci 0000:00:07.0: quirk: [io  0x4100-0x410f] claimed by PIIX4 SMB
[    0.331373] ACPI: PCI Interrupt Link [LNKA] (IRQs 5 9 10 *11)
[    0.332363] ACPI: PCI Interrupt Link [LNKB] (IRQs 5 9 *10 11)
[    0.334302] ACPI: PCI Interrupt Link [LNKC] (IRQs 5 *9 10 11)
[    0.336174] ACPI: PCI Interrupt Link [LNKD] (IRQs 5 9 10 *11)
[    0.338245] SCSI subsystem initialized
[    0.340079] pci 0000:00:02.0: vgaarb: setting as boot VGA device
[    0.341795] pci 0000:00:02.0: vgaarb: VGA device added: decodes=io+mem,owns=io+mem,locks=none
[    0.344016] pci 0000:00:02.0: vgaarb: bridge control possible
[    0.345486] vgaarb: loaded
[    0.346347] ACPI: bus type USB registered
[    0.348031] usbcore: registered new interface driver usbfs
[    0.349726] usbcore: registered new interface driver hub
[    0.351111] usbcore: registered new device driver usb
[    0.352085] EDAC MC: Ver: 3.0.0
[    0.353224] PCI: Using ACPI for IRQ routing
[    0.356352] NetLabel: Initializing
[    0.357429] NetLabel:  domain hash size = 128
[    0.358588] NetLabel:  protocols = UNLABELED CIPSOv4 CALIPSO
[    0.360000] NetLabel:  unlabeled traffic allowed by default
[    0.360141] clocksource: Switched to clocksource kvm-clock
[    0.377269] VFS: Disk quotas dquot_6.6.0
[    0.378619] VFS: Dquot-cache hash table entries: 512 (order 0, 4096 bytes)
[    0.380704] AppArmor: AppArmor Filesystem Enabled
[    0.381947] pnp: PnP ACPI init
[    0.384513] pnp: PnP ACPI: found 3 devices
[    0.394717] clocksource: acpi_pm: mask: 0xffffff max_cycles: 0xffffff, max_idle_ns: 2085701024 ns
[    0.397487] NET: Registered protocol family 2
[    0.398804] TCP established hash table entries: 8192 (order: 4, 65536 bytes)
[    0.400701] TCP bind hash table entries: 8192 (order: 5, 131072 bytes)
[    0.403794] TCP: Hash tables configured (established 8192 bind 8192)
[    0.405533] UDP hash table entries: 512 (order: 2, 16384 bytes)
[    0.407027] UDP-Lite hash table entries: 512 (order: 2, 16384 bytes)
[    0.408680] NET: Registered protocol family 1
[    0.409818] pci 0000:00:00.0: Limiting direct PCI/PCI transfers
[    0.411346] pci 0000:00:01.0: Activating ISA DMA hang workarounds
[    0.412993] pci 0000:00:02.0: Video device with shadowed ROM at [mem 0x000c0000-0x000dffff]
[    0.415244] Unpacking initramfs...
[    0.710951] Freeing initrd memory: 19224K
[    0.712365] clocksource: tsc: mask: 0xffffffffffffffff max_cycles: 0x19f228ab7a2, max_idle_ns: 440795289252 ns
[    0.715077] platform rtc_cmos: registered platform RTC device (no PNP device found)
[    0.717206] Scanning for low memory corruption every 60 seconds
[    0.719463] Initialise system trusted keyrings
[    0.720881] Key type blacklist registered
[    0.722233] workingset: timestamp_bits=36 max_order=18 bucket_order=0
[    0.725012] zbud: loaded
[    0.726397] squashfs: version 4.0 (2009/01/31) Phillip Lougher
[    0.728629] fuse init (API version 7.26)
[    0.732057] Key type asymmetric registered
[    0.733129] Asymmetric key parser 'x509' registered
[    0.734402] Block layer SCSI generic (bsg) driver version 0.4 loaded (major 246)
[    0.736546] io scheduler noop registered
[    0.737710] io scheduler deadline registered
[    0.739001] io scheduler cfq registered (default)
[    0.741080] ACPI: AC Adapter [AC] (off-line)
[    0.742275] input: Power Button as /devices/LNXSYSTM:00/LNXPWRBN:00/input/input0
[    0.744298] ACPI: Power Button [PWRF]
[    0.745373] input: Sleep Button as /devices/LNXSYSTM:00/LNXSLPBN:00/input/input1
[    0.747568] ACPI: Sleep Button [SLPF]
[    0.750608] ACPI: Battery Slot [BAT0] (battery present)
[    0.752239] Serial: 8250/16550 driver, 32 ports, IRQ sharing enabled
[    0.775942] 00:02: ttyS0 at I/O 0x3f8 (irq = 4, base_baud = 115200) is a 16550A
[    0.782151] Linux agpgart interface v0.103
[    0.785335] loop: module loaded
[    0.786859] scsi host0: ata_piix
[    0.787889] scsi host1: ata_piix
[    0.788883] ata1: PATA max UDMA/33 cmd 0x1f0 ctl 0x3f6 bmdma 0xd000 irq 14
[    0.790596] ata2: PATA max UDMA/33 cmd 0x170 ctl 0x376 bmdma 0xd008 irq 15
[    0.792468] libphy: Fixed MDIO Bus: probed
[    0.793570] tun: Universal TUN/TAP device driver, 1.6
[    0.795248] PPP generic driver version 2.4.2
[    0.796497] ehci_hcd: USB 2.0 'Enhanced' Host Controller (EHCI) Driver
[    0.798140] ehci-pci: EHCI PCI platform driver
[    0.799303] ehci-platform: EHCI generic platform driver
[    0.800685] ohci_hcd: USB 1.1 'Open' Host Controller (OHCI) Driver
[    0.802241] ohci-pci: OHCI PCI platform driver
[    0.803397] ohci-platform: OHCI generic platform driver
[    0.804784] uhci_hcd: USB Universal Host Controller Interface driver
[    0.806613] i8042: PNP: PS/2 Controller [PNP0303:PS2K,PNP0f03:PS2M] at 0x60,0x64 irq 1,12
[    0.809623] serio: i8042 KBD port at 0x60,0x64 irq 1
[    0.810918] serio: i8042 AUX port at 0x60,0x64 irq 12
[    0.812479] mousedev: PS/2 mouse device common for all mice
[    0.815485] rtc_cmos rtc_cmos: rtc core: registered rtc_cmos as rtc0
[    0.817760] rtc_cmos rtc_cmos: alarms up to one day, 114 bytes nvram
[    0.819563] i2c /dev entries driver
[    0.820615] input: AT Translated Set 2 keyboard as /devices/platform/i8042/serio0/input/input2
[    0.823022] device-mapper: uevent: version 1.0.3
[    0.824336] device-mapper: ioctl: 4.37.0-ioctl (2017-09-20) initialised: dm-devel@redhat.com
[    0.826759] ledtrig-cpu: registered to indicate activity on CPUs
[    0.829032] NET: Registered protocol family 10
[    0.834417] Segment Routing with IPv6
[    0.835590] NET: Registered protocol family 17
[    0.836950] Key type dns_resolver registered
[    0.838370] mce: Using 0 MCE banks
[    0.839304] RAS: Correctable Errors collector initialized.
[    0.840766] sched_clock: Marking stable (840742777, 0)->(1034809005, -194066228)
[    0.843679] registered taskstats version 1
[    0.844956] Loading compiled-in X.509 certificates
[    0.849382] Loaded X.509 cert 'Build time autogenerated kernel key: 399a566a2ea98257ce6f7132c633527e9761cd56'
[    0.852318] zswap: loaded using pool lzo/zbud
[    0.857521] Key type big_key registered
[    0.858694] Key type trusted registered
[    0.862121] Key type encrypted registered
[    0.863430] AppArmor: AppArmor sha1 policy hashing enabled
[    0.864909] ima: No TPM chip found, activating TPM-bypass! (rc=-19)
[    0.866659] ima: Allocated hash algorithm: sha1
[    0.868101] evm: HMAC attrs: 0x1
[    0.869474]   Magic number: 9:405:241
[    0.870546] rtc_cmos rtc_cmos: setting system clock to 2021-02-18 18:12:01 UTC (1613671921)
[    0.873961] BIOS EDD facility v0.16 2004-Jun-25, 0 devices found
[    0.875523] EDD information not available.
[    1.015168] Freeing unused kernel image memory: 2440K
[    1.184407] Write protecting the kernel read-only data: 20480k
[    1.187404] Freeing unused kernel image memory: 2008K
[    1.189316] Freeing unused kernel image memory: 1868K
[    1.197155] x86/mm: Checked W+X mappings: passed, no W+X pages found.
[    1.199046] x86/mm: Checking user space page tables
[    1.207556] x86/mm: Checked W+X mappings: passed, no W+X pages found.
Loading, please wait...
starting version 237
[    1.357011] Fusion MPT base driver 3.04.20
[    1.358160] Copyright (c) 1999-2008 LSI Corporation
[    1.378434] e1000: Intel(R) PRO/1000 Network Driver - version 7.3.21-k8-NAPI
[    1.380864] e1000: Copyright (c) 1999-2006 Intel Corporation.
[    1.386234] AVX2 version of gcm_enc/dec engaged.
[    1.387942] AES CTR mode by8 optimization enabled
[    1.395912] Fusion MPT SPI Host driver 3.04.20
[    1.588674] input: ImExPS/2 Generic Explorer Mouse as /devices/platform/i8042/serio1/input/input4
[    1.842490] e1000 0000:00:03.0 eth0: (PCI:33MHz:32-bit) 02:54:31:68:18:3c
[    1.844581] e1000 0000:00:03.0 eth0: Intel(R) PRO/1000 Network Connection
[    1.848236] mptbase: ioc0: Initiating bringup
[    1.848624] e1000 0000:00:03.0 enp0s3: renamed from eth0
[    2.408203] ioc0: LSI53C1030 A0: Capabilities={Initiator}
[    5.288561] scsi host2: ioc0: LSI53C1030 A0, FwRev=00000000h, Ports=1, MaxQ=256, IRQ=20
[    6.535263] scsi 2:0:0:0: Direct-Access     VBOX     HARDDISK         1.0  PQ: 0 ANSI: 5
[    7.068139] scsi target2:0:0: Beginning Domain Validation
[    7.072277] scsi target2:0:0: Domain Validation skipping write tests
[    7.075740] scsi target2:0:0: Ending Domain Validation
[    7.077735] scsi target2:0:0: asynchronous
[    7.079986] scsi 2:0:1:0: Direct-Access     VBOX     HARDDISK         1.0  PQ: 0 ANSI: 5
[    8.184039] scsi target2:0:1: Beginning Domain Validation
[    8.189601] random: fast init done
[    8.193877] scsi target2:0:1: Domain Validation skipping write tests
[    8.197389] scsi target2:0:1: Ending Domain Validation
[    8.200408] scsi target2:0:1: asynchronous
[    8.214058] random: systemd-udevd: uninitialized urandom read (16 bytes read)
[    8.221253] random: systemd-udevd: uninitialized urandom read (16 bytes read)
[    8.223563] random: systemd-udevd: uninitialized urandom read (16 bytes read)
[    8.223651] sd 2:0:0:0: Attached scsi generic sg0 type 0
[    8.227955] sd 2:0:0:0: [sda] 83886080 512-byte logical blocks: (42.9 GB/40.0 GiB)
[    8.230346] sd 2:0:0:0: [sda] Write Protect is off
[    8.234111] sd 2:0:1:0: Attached scsi generic sg1 type 0
[    8.238858] sd 2:0:0:0: [sda] Incomplete mode parameter data
[    8.240241] sd 2:0:1:0: [sdb] 20480 512-byte logical blocks: (10.5 MB/10.0 MiB)
[    8.248472] sd 2:0:0:0: [sda] Assuming drive cache: write through
[    8.251887] sd 2:0:1:0: [sdb] Write Protect is off
[    8.255394] sd 2:0:1:0: [sdb] Incomplete mode parameter data
[    8.257136] sd 2:0:1:0: [sdb] Assuming drive cache: write through
[    8.262161]  sda: sda1
[    8.264693] sd 2:0:1:0: [sdb] Attached SCSI disk
[    8.267840] sd 2:0:0:0: [sda] Attached SCSI disk
Begin: Loading essential drivers ... [    9.880261] raid6: sse2x1   gen()  7751 MB/s
[    9.928227] raid6: sse2x1   xor()  5738 MB/s
[    9.976295] raid6: sse2x2   gen()  9239 MB/s
[   10.024239] raid6: sse2x2   xor()  6299 MB/s
[   10.072208] raid6: sse2x4   gen() 11715 MB/s
[   10.120110] raid6: sse2x4   xor()  6951 MB/s
[   10.168113] raid6: avx2x1   gen() 15475 MB/s
[   10.216207] raid6: avx2x1   xor() 10905 MB/s
[   10.264208] raid6: avx2x2   gen() 19502 MB/s
[   10.312173] raid6: avx2x2   xor()  8712 MB/s
[   10.360243] raid6: avx2x4   gen()  9185 MB/s
[   10.408088] raid6: avx2x4   xor()  7416 MB/s
[   10.409773] raid6: using algorithm avx2x2 gen() 19502 MB/s
[   10.412152] raid6: .... xor() 8712 MB/s, rmw enabled
[   10.413997] raid6: using avx2x2 recovery algorithm
[   10.419507] xor: automatically using best checksumming function   avx       
[   10.425463] async_tx: api initialized (async)
done.
Begin: Running /scripts/init-premount ... done.
Begin: Mounting root file system ... Begin: Running /scripts/local-top ... done.
Begin: Running /scripts/local-premount ... [   10.581653] Btrfs loaded, crc32c=crc32c-intel
Scanning for Btrfs filesystems
done.
Warning: fsck not present, so skipping root file system
[   10.656919] EXT4-fs (sda1): mounted filesystem with ordered data mode. Opts: (null)
done.
Begin: Running /scripts/local-bottom ... done.
Begin: Running /scripts/init-bottom ... done.
[   10.986083] ip_tables: (C) 2000-2006 Netfilter Core Team
[   11.010158] systemd[1]: systemd 237 running in system mode. (+PAM +AUDIT +SELINUX +IMA +APPARMOR +SMACK +SYSVINIT +UTMP +LIBCRYPTSETUP +GCRYPT +GNUTLS +ACL +XZ +LZ4 +SECCOMP +BLKID +ELFUTILS +KMOD -IDN2 +IDN -PCRE2 default-hierarchy=hybrid)
[   11.017854] systemd[1]: Detected virtualization oracle.
[   11.019549] systemd[1]: Detected architecture x86-64.

Welcome to [1mUbuntu 18.04.5 LTS[0m!

[   11.035812] systemd[1]: Set hostname to <ubuntu>.
[   11.047373] systemd[1]: Initializing machine ID from random generator.
[   11.050816] systemd[1]: Installed transient /etc/machine-id file.
[   11.728561] systemd[1]: Created slice System Slice.
[[0;32m  OK  [0m] Created slice System Slice.
[   11.733981] systemd[1]: Listening on LVM2 metadata daemon socket.
[[0;32m  OK  [0m] Listening on LVM2 metadata daemon socket.
[   11.738934] systemd[1]: Listening on Journal Audit Socket.
[[0;32m  OK  [0m] Listening on Journal Audit Socket.
[   11.741801] systemd[1]: Reached target Swap.
[[0;32m  OK  [0m] Reached target Swap.
[[0;32m  OK  [0m] Listening on LVM2 poll daemon socket.
[[0;32m  OK  [0m] Listening on /dev/initctl Compatibility Named Pipe.
[[0;32m  OK  [0m] Listening on Device-mapper event daemon FIFOs.
[[0;32m  OK  [0m] Listening on Network Service Netlink Socket.
[[0;32m  OK  [0m] Reached target System Time Synchronized.
[[0;32m  OK  [0m] Listening on udev Control Socket.
[[0;32m  OK  [0m] Reached target User and Group Name Lookups.
[[0;32m  OK  [0m] Listening on Journal Socket (/dev/log).
[[0;32m  OK  [0m] Created slice User and Session Slice.
[[0;32m  OK  [0m] Reached target Slices.
[[0;32m  OK  [0m] Listening on Journal Socket.
         Mounting POSIX Message Queue File System...
         Starting Remount Root and Kernel File Systems...
         Starting Set the console keyboard layout...
         Mounting Kernel Debug File System...
[   12.216731] EXT4-fs (sda1): re-mounted. Opts: (null)
         Starting Load Kernel Modules...
[[0;32m  OK  [0m] Created slice system-serial\x2dgetty.slice.
[[0;32m  OK  [0m] Started Forward Password Requests to Wall Directory Watch.
         Starting Uncomplicated firewall...
[[0;32m  OK  [0m] Set up automount Arbitrary Executab…rmats File System Automount Point.
[[0;32m  OK  [0m] Listening on Syslog Socket.
         Starting Journal Service...
         Starting Monitoring of LVM2 mirrors…ng dmeventd or progress polling...
[   12.261812] Loading iSCSI transport class v2.0-870.
[[0;32m  OK  [0m] Listening on udev Kernel Socket.
         Starting udev Coldplug all Devices...
         Starting Create list of required st…ce nodes for the current kernel...
         Mounting Huge Pages File System...
[[0;32m  OK  [0m] Started Journal Service.
[[0;32m  OK  [0m] Mounted POSIX Message Queue File System.
[[0;32m  OK  [0m] Started Remount Root and Kernel File Systems.
[[0;32m  OK  [0m] Mounted Kernel Debug File System.
[[0;32m  OK  [0m] Started Uncomplicated firewall.
[[0;32m  OK  [0m] Mounted Huge Pages File System.
[   12.344858] iscsi: registered transport (tcp)
         Starting Load/Save Random Seed...
         Starting Flush Journal to Persistent Storage...
[[0;32m  OK  [0m] Started Create list of required sta…vice nodes for the current kernel.
         Starting Create Static Device Nodes in /dev...
[   12.441150] iscsi: registered transport (iser)
[[0;32m  OK  [0m] Started Load Kernel Modules.
         Mounting Kernel Configuration File System...
         Starting Apply Kernel Variables...
         Mounting FUSE Control File System...
[[0;32m  OK  [0m] Mounted Kernel Configuration File System.
[[0;32m  OK  [0m] Mounted FUSE Control File System.
[   12.483622] systemd-journald[420]: Received request to flush runtime journal from PID 1
[[0;32m  OK  [0m] Started Create Static Device Nodes in /dev.
         Starting udev Kernel Device Manager...
[[0;32m  OK  [0m] Started LVM2 metadata daemon.
[[0;32m  OK  [0m] Started udev Coldplug all Devices.
[[0;32m  OK  [0m] Started Load/Save Random Seed.
[[0;32m  OK  [0m] Started Set the console keyboard layout.
[[0;32m  OK  [0m] Started Apply Kernel Variables.
[[0;32m  OK  [0m] Started Flush Journal to Persistent Storage.
[[0;32m  OK  [0m] Started udev Kernel Device Manager.
[[0;32m  OK  [0m] Started Dispatch Password Requests to Console Directory Watch.
[[0;32m  OK  [0m] Reached target Local Encrypted Volumes.
[[0;32m  OK  [0m] Started Monitoring of LVM2 mirrors,…sing dmeventd or progress polling.
[[0;32m  OK  [0m] Reached target Local File Systems (Pre).
[[0;32m  OK  [0m] Reached target Local File Systems.
         Starting Set console font and keymap...
         Starting Create Volatile Files and Directories...
         Starting Commit a transient machine-id on disk...
         Starting ebtables ruleset management...
         Starting Tell Plymouth To Write Out Runtime Data...
         Starting AppArmor initialization...
[[0;32m  OK  [0m] Started Set console font and keymap.
[[0;32m  OK  [0m] Started Create Volatile Files and Directories.
         Starting Update UTMP about System Boot/Shutdown...
[[0;32m  OK  [0m] Started Tell Plymouth To Write Out Runtime Data.
[[0;32m  OK  [0m] Started Update UTMP about System Boot/Shutdown.
[[0;32m  OK  [0m] Started Commit a transient machine-id on disk.
[[0;32m  OK  [0m] Started ebtables ruleset management.
[[0;32m  OK  [0m] Found device /dev/ttyS0.
[[0;32m  OK  [0m] Listening on Load/Save RF Kill Switch Status /dev/rfkill Watch.
[[0;32m  OK  [0m] Started AppArmor initialization.
         Starting Initial cloud-init job (pre-networking)...
         Starting Load AppArmor profiles managed internally by snapd...
[[0;32m  OK  [0m] Started Load AppArmor profiles managed internally by snapd.
[   16.984686] cloud-init[574]: Cloud-init v. 20.4.1-0ubuntu1~18.04.1 running 'init-local' at Thu, 18 Feb 2021 18:12:17 +0000. Up 16.44 seconds.
[[0;32m  OK  [0m] Started Initial cloud-init job (pre-networking).
[[0;32m  OK  [0m] Reached target Network (Pre).
         Starting Network Service...
[[0;32m  OK  [0m] Started Network Service.
         Starting Network Name Resolution...
         Starting Wait for Network to be Configured...
[[0;32m  OK  [0m] Started Network Name Resolution.
[[0;32m  OK  [0m] Reached target Host and Network Name Lookups.
[[0;32m  OK  [0m] Reached target Network.
[[0;32m  OK  [0m] Started Wait for Network to be Configured.
         Starting Initial cloud-init job (metadata service crawler)...
[   19.031476] cloud-init[706]: Cloud-init v. 20.4.1-0ubuntu1~18.04.1 running 'init' at Thu, 18 Feb 2021 18:12:19 +0000. Up 18.83 seconds.
[   19.035245] cloud-init[706]: ci-info: ++++++++++++++++++++++++++++++++++++++Net device info++++++++++++++++++++++++++++++++++++++
[   19.052368] cloud-init[706]: ci-info: +--------+------+----------------------------+---------------+--------+-------------------+
[   19.055133] cloud-init[706]: ci-info: | Device |  Up  |          Address           |      Mask     | Scope  |     Hw-Address    |
[   19.058604] cloud-init[706]: ci-info: +--------+------+----------------------------+---------------+--------+-------------------+
[   19.062190] cloud-init[706]: ci-info: | enp0s3 | True |         10.0.2.15          | 255.255.255.0 | global | 02:54:31:68:18:3c |
[   19.065274] cloud-init[706]: ci-info: | enp0s3 | True | fe80::54:31ff:fe68:183c/64 |       .       |  link  | 02:54:31:68:18:3c |
[   19.069862] cloud-init[706]: ci-info: |   lo   | True |         127.0.0.1          |   255.0.0.0   |  host  |         .         |
[   19.084487] cloud-init[706]: ci-info: |   lo   | True |          ::1/128           |       .       |  host  |         .         |
[   19.088555] cloud-init[706]: ci-info: +--------+------+----------------------------+---------------+--------+-------------------+
[   19.092983] cloud-init[706]: ci-info: ++++++++++++++++++++++++++++Route IPv4 info+++++++++++++++++++++++++++++
[   19.096532] cloud-init[706]: ci-info: +-------+-------------+----------+-----------------+-----------+-------+
[   19.099926] cloud-init[706]: ci-info: | Route | Destination | Gateway  |     Genmask     | Interface | Flags |
[   19.103090] cloud-init[706]: ci-info: +-------+-------------+----------+-----------------+-----------+-------+
[   19.105930] cloud-init[706]: ci-info: |   0   |   0.0.0.0   | 10.0.2.2 |     0.0.0.0     |   enp0s3  |   UG  |
[   19.108536] cloud-init[706]: ci-info: |   1   |   10.0.2.0  | 0.0.0.0  |  255.255.255.0  |   enp0s3  |   U   |
[   19.111520] cloud-init[706]: ci-info: |   2   |   10.0.2.2  | 0.0.0.0  | 255.255.255.255 |   enp0s3  |   UH  |
[   19.114279] cloud-init[706]: ci-info: +-------+-------------+----------+-----------------+-----------+-------+
[   19.117763] cloud-init[706]: ci-info: +++++++++++++++++++Route IPv6 info+++++++++++++++++++
[   19.123760] cloud-init[706]: ci-info: +-------+-------------+---------+-----------+-------+
[   19.125925] cloud-init[706]: ci-info: | Route | Destination | Gateway | Interface | Flags |
[   19.128094] cloud-init[706]: ci-info: +-------+-------------+---------+-----------+-------+
[   19.130796] cloud-init[706]: ci-info: |   1   |  fe80::/64  |    ::   |   enp0s3  |   U   |
[   19.133909] cloud-init[706]: ci-info: |   3   |    local    |    ::   |   enp0s3  |   U   |
[   19.136764] cloud-init[706]: ci-info: |   4   |   ff00::/8  |    ::   |   enp0s3  |   U   |
[   19.140130] cloud-init[706]: ci-info: +-------+-------------+---------+-----------+-------+
[   22.004310] cloud-init[706]: Generating public/private rsa key pair.
[   22.006356] cloud-init[706]: Your identification has been saved in /etc/ssh/ssh_host_rsa_key.
[   22.009154] cloud-init[706]: Your public key has been saved in /etc/ssh/ssh_host_rsa_key.pub.
[   22.012183] cloud-init[706]: The key fingerprint is:
[   22.025216] cloud-init[706]: SHA256:BZFk02ichZ7HDEvHK9YL55UnM80a2IVNL125fErCHUI root@ubuntu-bionic
[   22.027743] cloud-init[706]: The key's randomart image is:
[   22.029463] cloud-init[706]: +---[RSA 2048]----+
[   22.030749] cloud-init[706]: |       o*X..E+. o|
[   22.044188] cloud-init[706]: |       .Xo+ o ++.|
[   22.045433] cloud-init[706]: |       + O.= Bo.+|
[   22.046717] cloud-init[706]: |        B.O @ *+.|
[   22.049309] cloud-init[706]: |       .S* o X ..|
[   22.051151] cloud-init[706]: |          o . .  |
[   22.052556] cloud-init[706]: |                 |
[   22.054155] cloud-init[706]: |                 |
[   22.056637] cloud-init[706]: |                 |
[   22.062102] cloud-init[706]: +----[SHA256]-----+
[   22.070505] cloud-init[706]: Generating public/private dsa key pair.
[   22.073617] cloud-init[706]: Your identification has been saved in /etc/ssh/ssh_host_dsa_key.
[   22.092423] cloud-init[706]: Your public key has been saved in /etc/ssh/ssh_host_dsa_key.pub.
[   22.095651] cloud-init[706]: The key fingerprint is:
[   22.101260] cloud-init[706]: SHA256:ckakmcvXTPqctQDwL8UAle5xErd3yOYxp1/ussX4/S0 root@ubuntu-bionic
[   22.106081] cloud-init[706]: The key's randomart image is:
[   22.108474] cloud-init[706]: +---[DSA 1024]----+
[   22.113412] cloud-init[706]: |      oo+.       |
[   22.121250] cloud-init[706]: |       Boo.      |
[   22.127480] cloud-init[706]: |      +.+o+o .   |
[   22.131981] cloud-init[706]: |     . o+Oo B o  |
[   22.141923] cloud-init[706]: |      +.S+=+.*   |
[   22.147094] cloud-init[706]: |       =.+ +o. o.|
[   22.151725] cloud-init[706]: |          + ...oo|
[   22.164718] cloud-init[706]: |              Eo+|
[   22.168377] cloud-init[706]: |              .=B|
[   22.169483] cloud-init[706]: +----[SHA256]-----+
[   22.171137] cloud-init[706]: Generating public/private ecdsa key pair.
[   22.184393] cloud-init[706]: Your identification has been saved in /etc/ssh/ssh_host_ecdsa_key.
[   22.187445] cloud-init[706]: Your public key has been saved in /etc/ssh/ssh_host_ecdsa_key.pub.
[   22.204932] cloud-init[706]: The key fingerprint is:
[   22.216888] cloud-init[706]: SHA256:xR0hXmLn9xPpdv3ZvadMXqDSm0Qizad2mxEA7aiwwgA root@ubuntu-bionic
[[0;32m  OK  [0m] Started Initial cloud-init job (metadata service crawler).
[   22.237849] cloud-init[706]: The key's randomart image is:
[[0;32m  OK  [0m] Reached target Cloud-config availability.
[[0;32m  OK  [0m] Reached target System Initialization.
[[0;32m  OK  [0m] Listening on D-Bus System Message Bus Socket.
[   22.241673] cloud-init[706]: +---[ECDSA 256]---+
[[0;32m  OK  [0m] Started ACPI Events Check.
[   22.259688] [cloud-init[0;32m  OK  [0m[706]: ] |        ..+ =.   |Reached target Paths.

[[0;32m  OK  [0m] Listening on Open-iSCSI iscsid Socket.
[   22.262868] cloud-init[706]: |E        =.B .  .|
[[0;32m  OK  [0m] Started Discard unused blocks once a week.
[   22.274854] cloud-init[706]: |.        o= o .o |
[[0;32m  OK  [0m] Listening on ACPID Listen Socket.
[   22.304863] cloud-init[706]: |.   .   .+.. ...o|
         Starting Socket activation for snappy daemon.
[   22.317152] cloud-init[706]: | o   o .S + + .++|
         Starting LXD - unix socket.
[   22.344986] cloud-init[706]: |  o . .  . * o..B|
[   22.346853] [cloud-init[0;32m  OK  [0m[706]: ] |   .      + * ..=|Listening on UUID daemon activation socket.

[   22.350316] cloud-init[706]: |         . + X .o|
[[0;32m  OK  [0m] Started Daily Cleanup of Temporary Directories.
[   22.351505] cloud-init[706]: |            = +o.|
[[0;32m  OK  [0m] Started Message of the Day.
[   22.361347] cloud-init[706]: +----[SHA256]-----+
[[0;32m  OK  [0m] Started Daily apt download activities.
[   22.374139] cloud-init[706]: Generating public/private ed25519 key pair.
[   22.377083] [cloud-init[0;32m  OK  [0m[706]: ] Your identification has been saved in /etc/ssh/ssh_host_ed25519_key.Started Daily apt upgrade and clean activities.

[[0;32m  OK  [0m] Reached target Timers.
[   22.380720] cloud-init[[706]: [0;32m  OK  [0mYour public key has been saved in /etc/ssh/ssh_host_ed25519_key.pub.] 
Reached target Network is Online.
[[0;32m  OK  [0m] Reached target Remote File Systems (Pre).
[   22.385201] [cloud-init[0;32m  OK  [0m[706]: ] The key fingerprint is:Reached target Remote File Systems.

         Starting Availability of block devices...
[   22.412850] cloud-init[[0;32m  OK  [0m] Listening on Socket activation for snappy daemon.
[[0;32m  OK  [0m] Listening on LXD - unix socket.
[[706]: [0;32m  OK  [0mSHA256:/K1vbPrLEJHVr5qsoPer71z2HadgbUbluB5IfigTq8s root@ubuntu-bionic] 
Started Availability of block devices.
[[0;32m  OK  [0m] Reached target Sockets.
[   22.426008] [[0;32m  OK  [0m] Reached target Basic System.
cloud-init[706]: The key's randomart image is:
[[0;32m  OK  [0m] Started Regular background program processing daemon.
[[0;32m  OK  [0m] Started irqbalance daemon.
[   22.440110] cloud-init[706]: +--[ED25519 256]--+
[   22.442220] cloud-init[706]: |            ..   |
         Starting Pollinate to seed the pseudo random number generator...
         Starting LSB: automatic crash report generation...
[   22.451752] cloud-init[706]: |           o  .  |
[   22.467369] cloud-init[706]: |          o    ..|
[   22.469816] cloud-init[706]: |       .   .   +.|
[   22.471864] cloud-init[706]: |        S o . o..|
[   22.475797] cloud-init[706]: |         . B =.. |
[   22.477867] cloud-init[706]: |        . *oXoB..|
[   22.479662] cloud-init[706]: |       o.+ XBB +o|
[   22.481993] cloud-init[706]: |      ..E*XO=.+ .|
[   22.484921] cloud-init[706]: +----[SHA256]-----+
         Starting Dispatcher daemon for systemd-networkd...
         Starting Accounts Service...
         Starting Login Service...
         Starting Virtualbox guest utils...
         Starting System Logging Service...
         Starting LXD - container startup/shutdown...
         Starting LSB: Record successful boot for GRUB...
[[0;32m  OK  [0m] Started D-Bus System Message Bus.
[[0;32m  OK  [0m] Started Login Service.
[[0;32m  OK  [0m] Started Deferred execution scheduler.
         Starting Snap Daemon...
[[0;32m  OK  [0m] Started Unattended Upgrades Shutdown.
         Starting Permit User Sessions...
[[0;32m  OK  [0m] Started FUSE filesystem for LXC.
[[0;32m  OK  [0m] Started System Logging Service.
[[0;32m  OK  [0m] Started Permit User Sessions.
         Starting Hold until boot process finishes up...
         Starting Terminate Plymouth Boot Screen...
[[0;32m  OK  [0m] Started Hold until boot process finishes up.
         Starting Set console scheme...
[[0;32m  OK  [0m] Started Serial Getty on ttyS0.
[[0;32m  OK  [0m] Started Terminate Plymouth Boot Screen.
[[0;32m  OK  [0m] Started Set console scheme.
[[0;32m  OK  [0m] Created slice system-getty.slice.
[[0;32m  OK  [0m] Started Getty on tty1.
[[0;32m  OK  [0m] Reached target Login Prompts.
         Starting Authorization Manager...
[[0;32m  OK  [0m] Started LSB: automatic crash report generation.
[[0;32m  OK  [0m] Started LSB: Record successful boot for GRUB.
[[0;32m  OK  [0m] Started Authorization Manager.
[[0;32m  OK  [0m] Started Accounts Service.
[[0;32m  OK  [0m] Started Dispatcher daemon for systemd-networkd.
[[0;32m  OK  [0m] Started Virtualbox guest utils.
[[0;32m  OK  [0m] Started LXD - container startup/shutdown.
[[0;32m  OK  [0m] Started Snap Daemon.
         Starting Wait until snapd is fully seeded...
[[0;32m  OK  [0m] Started Pollinate to seed the pseudo random number generator.
         Starting OpenBSD Secure Shell server...
[[0;32m  OK  [0m] Started OpenBSD Secure Shell server.
[[0;32m  OK  [0m] Created slice User Slice of vagrant.
         Starting User Manager for UID 1000...
[[0;32m  OK  [0m] Started Session 1 of user vagrant.
[[0;32m  OK  [0m] Started User Manager for UID 1000.
[[0;32m  OK  [0m] Started Wait until snapd is fully seeded.

Ubuntu 18.04.5 LTS ubuntu-bionic ttyS0

ubuntu-bionic login: [   30.134248] cloud-init[1253]: Cloud-init v. 20.4.1-0ubuntu1~18.04.1 running 'modules:config' at Thu, 18 Feb 2021 18:12:29 +0000. Up 28.91 seconds.
ci-info: no authorized SSH keys fingerprints found for user ubuntu.
<14>Feb 18 18:12:31 ec2: 
<14>Feb 18 18:12:31 ec2: #############################################################
<14>Feb 18 18:12:31 ec2: -----BEGIN SSH HOST KEY FINGERPRINTS-----
<14>Feb 18 18:12:31 ec2: 1024 SHA256:ckakmcvXTPqctQDwL8UAle5xErd3yOYxp1/ussX4/S0 root@ubuntu-bionic (DSA)
<14>Feb 18 18:12:31 ec2: 256 SHA256:xR0hXmLn9xPpdv3ZvadMXqDSm0Qizad2mxEA7aiwwgA root@ubuntu-bionic (ECDSA)
<14>Feb 18 18:12:31 ec2: 256 SHA256:/K1vbPrLEJHVr5qsoPer71z2HadgbUbluB5IfigTq8s root@ubuntu-bionic (ED25519)
<14>Feb 18 18:12:31 ec2: 2048 SHA256:BZFk02ichZ7HDEvHK9YL55UnM80a2IVNL125fErCHUI root@ubuntu-bionic (RSA)
<14>Feb 18 18:12:31 ec2: -----END SSH HOST KEY FINGERPRINTS-----
<14>Feb 18 18:12:31 ec2: #############################################################
-----BEGIN SSH HOST KEY KEYS-----
ecdsa-sha2-nistp256 AAAAE2VjZHNhLXNoYTItbmlzdHAyNTYAAAAIbmlzdHAyNTYAAABBBE0LD3XSCKGLh/svSP6sysIK8NJrRAJATazH9CSSBJSiBU1Pi1fT0TsWSjpPhGzaD509aFvI009vFRfh94x6vJo= root@ubuntu-bionic
ssh-ed25519 AAAAC3NzaC1lZDI1NTE5AAAAIMhS2uyespIsgvl6DKHMkMF90zHfKdXavPXCbTNpxklP root@ubuntu-bionic
ssh-rsa AAAAB3NzaC1yc2EAAAADAQABAAABAQDVHi56rvh7EmjVcq31YZKXqmvEu1AuLLIVrtFFANMNbFor/lO8Xn4bFTU6sP01a8JOkq3h4VjTMIbB3iT7cjZ1sRWN2qK8lkW8L6t30UBZye/eFkeOwm1ekc2R7OjZ8f/tK5kIlGhLuXyeHqT1hqJ0NkUQFQ7qP+cqyG/BA7miW5lJdMN9SvGiF8d4HbB++Mtka25wZuejSbzW4/Fc1s0/qCBuHR5f+SVTffqFD44EXPsGU57vqA4fzz5jTirRkXTWThjLaUCxSOu+PXLbLe0Y0pgZ52nhmlc5Xi0s4UvjWb/4lZmVR6W3djKWLQkaN+LSM8ohlSB/I7vz+6pRNWqP root@ubuntu-bionic
-----END SSH HOST KEY KEYS-----
[   31.338374] cloud-init[1375]: Cloud-init v. 20.4.1-0ubuntu1~18.04.1 running 'modules:final' at Thu, 18 Feb 2021 18:12:31 +0000. Up 31.05 seconds.
[   31.343376] cloud-init[1375]: ci-info: no authorized SSH keys fingerprints found for user ubuntu.
[   31.353382] cloud-init[1375]: Cloud-init v. 20.4.1-0ubuntu1~18.04.1 finished at Thu, 18 Feb 2021 18:12:31 +0000. Datasource DataSourceNoCloud [seed=/dev/sdb][dsmode=net].  Up 31.32 seconds
