[    0.000000] Initializing cgroup subsys cpuset
[    0.000000] Initializing cgroup subsys cpu
[    0.000000] Initializing cgroup subsys cpuacct
[    0.000000] Linux version 4.4.0-201-generic (buildd@lgw01-amd64-044) (gcc version 5.4.0 20160609 (Ubuntu 5.4.0-6ubuntu1~16.04.12) ) #233-Ubuntu SMP Thu Jan 14 06:10:28 UTC 2021 (Ubuntu 4.4.0-201.233-generic 4.4.247)
[    0.000000] Command line: BOOT_IMAGE=/boot/vmlinuz-4.4.0-201-generic root=LABEL=cloudimg-rootfs ro console=tty1 console=ttyS0
[    0.000000] KERNEL supported cpus:
[    0.000000]   Intel GenuineIntel
[    0.000000]   AMD AuthenticAMD
[    0.000000]   Centaur CentaurHauls
[    0.000000] x86/fpu: xstate_offset[2]:  576, xstate_sizes[2]:  256
[    0.000000] x86/fpu: Supporting XSAVE feature 0x01: 'x87 floating point registers'
[    0.000000] x86/fpu: Supporting XSAVE feature 0x02: 'SSE registers'
[    0.000000] x86/fpu: Supporting XSAVE feature 0x04: 'AVX registers'
[    0.000000] x86/fpu: Enabled xstate features 0x7, context size is 832 bytes, using 'standard' format.
[    0.000000] e820: BIOS-provided physical RAM map:
[    0.000000] BIOS-e820: [mem 0x0000000000000000-0x000000000009fbff] usable
[    0.000000] BIOS-e820: [mem 0x000000000009fc00-0x000000000009ffff] reserved
[    0.000000] BIOS-e820: [mem 0x00000000000f0000-0x00000000000fffff] reserved
[    0.000000] BIOS-e820: [mem 0x0000000000100000-0x000000003ffeffff] usable
[    0.000000] BIOS-e820: [mem 0x000000003fff0000-0x000000003fffffff] ACPI data
[    0.000000] BIOS-e820: [mem 0x00000000fec00000-0x00000000fec00fff] reserved
[    0.000000] BIOS-e820: [mem 0x00000000fee00000-0x00000000fee00fff] reserved
[    0.000000] BIOS-e820: [mem 0x00000000fffc0000-0x00000000ffffffff] reserved
[    0.000000] NX (Execute Disable) protection: active
[    0.000000] SMBIOS 2.5 present.
[    0.000000] Hypervisor detected: KVM
[    0.000000] e820: last_pfn = 0x3fff0 max_arch_pfn = 0x400000000
[    0.000000] MTRR: Disabled
[    0.000000] x86/PAT: MTRRs disabled, skipping PAT initialization too.
[    0.000000] CPU MTRRs all blank - virtualized system.
[    0.000000] x86/PAT: Configuration [0-7]: WB  WT  UC- UC  WB  WT  UC- UC  
[    0.000000] found SMP MP-table at [mem 0x0009fff0-0x0009ffff] mapped at [ffff88000009fff0]
[    0.000000] Scanning 1 areas for low memory corruption
[    0.000000] RAMDISK: [mem 0x362e0000-0x37167fff]
[    0.000000] ACPI: Early table checksum verification disabled
[    0.000000] ACPI: RSDP 0x00000000000E0000 000024 (v02 VBOX  )
[    0.000000] ACPI: XSDT 0x000000003FFF0030 00003C (v01 VBOX   VBOXXSDT 00000001 ASL  00000061)
[    0.000000] ACPI: FACP 0x000000003FFF00F0 0000F4 (v04 VBOX   VBOXFACP 00000001 ASL  00000061)
[    0.000000] ACPI: DSDT 0x000000003FFF0470 002325 (v02 VBOX   VBOXBIOS 00000002 INTL 20120111)
[    0.000000] ACPI: FACS 0x000000003FFF0200 000040
[    0.000000] ACPI: FACS 0x000000003FFF0200 000040
[    0.000000] ACPI: APIC 0x000000003FFF0240 00005C (v02 VBOX   VBOXAPIC 00000001 ASL  00000061)
[    0.000000] ACPI: SSDT 0x000000003FFF02A0 0001CC (v01 VBOX   VBOXCPUT 00000002 INTL 20120111)
[    0.000000] No NUMA configuration found
[    0.000000] Faking a node at [mem 0x0000000000000000-0x000000003ffeffff]
[    0.000000] NODE_DATA(0) allocated [mem 0x3ffeb000-0x3ffeffff]
[    0.000000] kvm-clock: Using msrs 4b564d01 and 4b564d00
[    0.000000] kvm-clock: cpu 0, msr 0:3ffe3001, primary cpu clock
[    0.000000] kvm-clock: using sched offset of 9703744392 cycles
[    0.000000] clocksource: kvm-clock: mask: 0xffffffffffffffff max_cycles: 0x1cd42e4dffb, max_idle_ns: 881590591483 ns
[    0.000000] Zone ranges:
[    0.000000]   DMA      [mem 0x0000000000001000-0x0000000000ffffff]
[    0.000000]   DMA32    [mem 0x0000000001000000-0x000000003ffeffff]
[    0.000000]   Normal   empty
[    0.000000]   Device   empty
[    0.000000] Movable zone start for each node
[    0.000000] Early memory node ranges
[    0.000000]   node   0: [mem 0x0000000000001000-0x000000000009efff]
[    0.000000]   node   0: [mem 0x0000000000100000-0x000000003ffeffff]
[    0.000000] Initmem setup node 0 [mem 0x0000000000001000-0x000000003ffeffff]
[    0.000000] ACPI: PM-Timer IO Port: 0x4008
[    0.000000] IOAPIC[0]: apic_id 2, version 32, address 0xfec00000, GSI 0-23
[    0.000000] ACPI: INT_SRC_OVR (bus 0 bus_irq 0 global_irq 2 dfl dfl)
[    0.000000] ACPI: INT_SRC_OVR (bus 0 bus_irq 9 global_irq 9 low level)
[    0.000000] Using ACPI (MADT) for SMP configuration information
[    0.000000] smpboot: Allowing 2 CPUs, 0 hotplug CPUs
[    0.000000] PM: Registered nosave memory: [mem 0x00000000-0x00000fff]
[    0.000000] PM: Registered nosave memory: [mem 0x0009f000-0x0009ffff]
[    0.000000] PM: Registered nosave memory: [mem 0x000a0000-0x000effff]
[    0.000000] PM: Registered nosave memory: [mem 0x000f0000-0x000fffff]
[    0.000000] e820: [mem 0x40000000-0xfebfffff] available for PCI devices
[    0.000000] Booting paravirtualized kernel on KVM
[    0.000000] clocksource: refined-jiffies: mask: 0xffffffff max_cycles: 0xffffffff, max_idle_ns: 7645519600211568 ns
[    0.000000] setup_percpu: NR_CPUS:512 nr_cpumask_bits:512 nr_cpu_ids:2 nr_node_ids:1
[    0.000000] PERCPU: Embedded 33 pages/cpu @ffff88003fc00000 s95640 r8192 d31336 u1048576
[    0.000000] Built 1 zonelists in Node order, mobility grouping on.  Total pages: 257912
[    0.000000] Policy zone: DMA32
[    0.000000] Kernel command line: BOOT_IMAGE=/boot/vmlinuz-4.4.0-201-generic root=LABEL=cloudimg-rootfs ro console=tty1 console=ttyS0
[    0.000000] PID hash table entries: 4096 (order: 3, 32768 bytes)
[    0.000000] Memory: 997664K/1048120K available (8641K kernel code, 1337K rwdata, 4044K rodata, 1492K init, 1296K bss, 50456K reserved, 0K cma-reserved)
[    0.000000] SLUB: HWalign=64, Order=0-3, MinObjects=0, CPUs=2, Nodes=1
[    0.000000] Kernel/User page tables isolation: enabled
[    0.000000] Hierarchical RCU implementation.
[    0.000000] 	Build-time adjustment of leaf fanout to 64.
[    0.000000] 	RCU restricting CPUs from NR_CPUS=512 to nr_cpu_ids=2.
[    0.000000] RCU: Adjusting geometry for rcu_fanout_leaf=64, nr_cpu_ids=2
[    0.000000] NR_IRQS:33024 nr_irqs:440 16
[    0.000000] Console: colour VGA+ 80x25
[    0.000000] console [tty1] enabled
[    0.000000] console [ttyS0] enabled
[    0.000000] tsc: Detected 1799.999 MHz processor
[    0.454966] Calibrating delay loop (skipped) preset value.. 3599.99 BogoMIPS (lpj=7199996)
[    0.457390] pid_max: default: 32768 minimum: 301
[    0.458757] ACPI: Core revision 20150930
[    0.463496] ACPI: 2 ACPI AML tables successfully acquired and loaded
[    0.467135] Security Framework initialized
[    0.469105] Yama: becoming mindful.
[    0.470850] AppArmor: AppArmor initialized
[    0.473523] Dentry cache hash table entries: 131072 (order: 8, 1048576 bytes)
[    0.479085] Inode-cache hash table entries: 65536 (order: 7, 524288 bytes)
[    0.482988] Mount-cache hash table entries: 2048 (order: 2, 16384 bytes)
[    0.486138] Montpoint-cache hash table entries: 2048 (order: 2, 16384 bytes)
[    0.523886] Initializing cgroup subsys io
[    0.526695] Initializing cgroup subsys memory
[    0.529651] Initializing cgroup subsys devices
[    0.531941] Initializing cgroup subsys freezer
[    0.534608] Initializing cgroup subsys net_cls
[    0.536400] Initializing cgroup subsys perf_event
[    0.538358] Initializing cgroup subsys net_prio
[    0.540090] Initializing cgroup subsys hugetlb
[    0.542255] Initializing cgroup subsys pids
[    0.554090] mce: CPU supports 0 MCE banks
[    0.555438] Last level iTLB entries: 4KB 64, 2MB 8, 4MB 8
[    0.557972] Last level dTLB entries: 4KB 64, 2MB 0, 4MB 0, 1GB 4
[    0.561256] Spectre V1 : Mitigation: usercopy/swapgs barriers and __user pointer sanitization
[    0.566131] Spectre V2 : Mitigation: Full generic retpoline
[    0.568659] Spectre V2 : Spectre v2 / SpectreRSB mitigation: Filling RSB on context switch
[    0.572528] Speculative Store Bypass: Vulnerable
[    0.574475] SRBDS: Unknown: Dependent on hypervisor status
[    0.577983] MDS: Mitigation: Clear CPU buffers
[    0.583654] Freeing SMP alternatives memory: 36K
[    0.592517] ftrace: allocating 32361 entries in 127 pages
[    0.677148] smpboot: APIC(0) Converting physical 0 to logical package 0
[    0.680456] smpboot: Max logical packages: 1
[    0.683213] x2apic enabled
[    0.684604] Switched APIC routing to physical x2apic.
[    0.687509] ..TIMER: vector=0x30 apic1=0 pin1=2 apic2=-1 pin2=-1
[    0.798198] smpboot: CPU0: Intel(R) Core(TM) i5-5350U CPU @ 1.80GHz (family: 0x6, model: 0x3d, stepping: 0x4)
[    0.801946] Performance Events: unsupported p6 CPU model 61 no PMU driver, software events only.
[    0.817572] KVM setup paravirtual spinlock
[    0.821097] x86: Booting SMP configuration:
[    0.823660] .... node  #0, CPUs:      #1
[    0.826061] kvm-clock: cpu 1, msr 0:3ffe3041, secondary cpu clock
[    0.838673] mce: CPU supports 0 MCE banks
[    0.856463] x86: Booted up 1 node, 2 CPUs
[    0.858523] smpboot: Total of 2 processors activated (7199.99 BogoMIPS)
[    0.863176] devtmpfs: initialized
[    0.866960] evm: security.selinux
[    0.871488] evm: security.SMACK64
[    0.877323] evm: security.SMACK64EXEC
[    0.889775] evm: security.SMACK64TRANSMUTE
[    0.893406] evm: security.SMACK64MMAP
[    0.904188] evm: security.ima
[    0.908365] evm: security.capability
[    0.911805] clocksource: jiffies: mask: 0xffffffff max_cycles: 0xffffffff, max_idle_ns: 7645041785100000 ns
[    0.920341] futex hash table entries: 512 (order: 3, 32768 bytes)
[    0.925383] pinctrl core: initialized pinctrl subsystem
[    0.931391] RTC time: 17:29:54, date: 02/18/21
[    0.933633] NET: Registered protocol family 16
[    0.949353] cpuidle: using governor ladder
[    0.964979] cpuidle: using governor menu
[    0.970380] PCCT header not found.
[    0.973288] ACPI: bus type PCI registered
[    0.979662] acpiphp: ACPI Hot Plug PCI Controller Driver version: 0.5
[    0.984614] PCI: Using configuration type 1 for base access
[    1.002530] ACPI: Added _OSI(Module Device)
[    1.004238] ACPI: Added _OSI(Processor Device)
[    1.006163] ACPI: Added _OSI(3.0 _SCP Extensions)
[    1.009650] ACPI: Added _OSI(Processor Aggregator Device)
[    1.015565] ACPI: Executed 1 blocks of module-level executable AML code
[    1.023495] ACPI: Interpreter enabled
[    1.025015] ACPI: (supports S0 S5)
[    1.027746] ACPI: Using IOAPIC for interrupt routing
[    1.033327] PCI: Using host bridge windows from ACPI; if necessary, use "pci=nocrs" and report a bug
[    1.062018] ACPI: PCI Root Bridge [PCI0] (domain 0000 [bus 00-ff])
[    1.067129] acpi PNP0A03:00: _OSC: OS supports [ASPM ClockPM Segments MSI]
[    1.072697] acpi PNP0A03:00: _OSC: not requesting OS control; OS requires [ExtendedConfig ASPM ClockPM MSI]
[    1.089132] acpi PNP0A03:00: fail to add MMCONFIG information, can't access extended PCI configuration space under this bridge.
[    1.110428] PCI host bridge to bus 0000:00
[    1.116474] pci_bus 0000:00: root bus resource [io  0x0000-0x0cf7 window]
[    1.129416] pci_bus 0000:00: root bus resource [io  0x0d00-0xffff window]
[    1.139170] pci_bus 0000:00: root bus resource [mem 0x000a0000-0x000bffff window]
[    1.142076] pci_bus 0000:00: root bus resource [mem 0x40000000-0xfdffffff window]
[    1.146261] pci_bus 0000:00: root bus resource [bus 00-ff]
[    1.152145] pci 0000:00:01.1: legacy IDE quirk: reg 0x10: [io  0x01f0-0x01f7]
[    1.155115] pci 0000:00:01.1: legacy IDE quirk: reg 0x14: [io  0x03f6]
[    1.157305] pci 0000:00:01.1: legacy IDE quirk: reg 0x18: [io  0x0170-0x0177]
[    1.177899] pci 0000:00:01.1: legacy IDE quirk: reg 0x1c: [io  0x0376]
[    1.204930] pci 0000:00:07.0: quirk: [io  0x4000-0x403f] claimed by PIIX4 ACPI
[    1.208060] pci 0000:00:07.0: quirk: [io  0x4100-0x410f] claimed by PIIX4 SMB
[    1.223889] ACPI: PCI Interrupt Link [LNKA] (IRQs 5 9 10 *11)
[    1.227806] ACPI: PCI Interrupt Link [LNKB] (IRQs 5 9 *10 11)
[    1.232077] ACPI: PCI Interrupt Link [LNKC] (IRQs 5 *9 10 11)
[    1.234680] ACPI: PCI Interrupt Link [LNKD] (IRQs 5 9 10 *11)
[    1.237501] ACPI: Enabled 2 GPEs in block 00 to 07
[    1.239694] vgaarb: setting as boot device: PCI:0000:00:02.0
[    1.241746] vgaarb: device added: PCI:0000:00:02.0,decodes=io+mem,owns=io+mem,locks=none
[    1.245253] vgaarb: loaded
[    1.246343] vgaarb: bridge control possible 0000:00:02.0
[    1.248403] SCSI subsystem initialized
[    1.250268] ACPI: bus type USB registered
[    1.251819] usbcore: registered new interface driver usbfs
[    1.253831] usbcore: registered new interface driver hub
[    1.258021] usbcore: registered new device driver usb
[    1.261234] PCI: Using ACPI for IRQ routing
[    1.265910] NetLabel: Initializing
[    1.267607] NetLabel:  domain hash size = 128
[    1.269654] NetLabel:  protocols = UNLABELED CIPSOv4
[    1.272110] NetLabel:  unlabeled traffic allowed by default
[    1.274946] amd_nb: Cannot enumerate AMD northbridges
[    1.277745] clocksource: Switched to clocksource kvm-clock
[    1.290447] AppArmor: AppArmor Filesystem Enabled
[    1.293249] pnp: PnP ACPI init
[    1.296646] pnp: PnP ACPI: found 3 devices
[    1.310063] clocksource: acpi_pm: mask: 0xffffff max_cycles: 0xffffff, max_idle_ns: 2085701024 ns
[    1.315736] NET: Registered protocol family 2
[    1.318103] TCP established hash table entries: 8192 (order: 4, 65536 bytes)
[    1.322093] TCP bind hash table entries: 8192 (order: 5, 131072 bytes)
[    1.325497] TCP: Hash tables configured (established 8192 bind 8192)
[    1.329180] UDP hash table entries: 512 (order: 2, 16384 bytes)
[    1.331048] UDP-Lite hash table entries: 512 (order: 2, 16384 bytes)
[    1.333213] NET: Registered protocol family 1
[    1.334777] pci 0000:00:00.0: Limiting direct PCI/PCI transfers
[    1.336851] pci 0000:00:01.0: Activating ISA DMA hang workarounds
[    1.339688] Unpacking initramfs...
[    1.650474] Freeing initrd memory: 14880K
[    1.652012] RAPL PMU detected, API unit is 2^-32 Joules, 4 fixed counters 10737418240 ms ovfl timer
[    1.655136] hw unit of domain pp0-core 2^-0 Joules
[    1.656753] hw unit of domain package 2^-0 Joules
[    1.658090] hw unit of domain dram 2^-0 Joules
[    1.660066] hw unit of domain pp1-gpu 2^-0 Joules
[    1.662778] clocksource: tsc: mask: 0xffffffffffffffff max_cycles: 0x19f228ab7a2, max_idle_ns: 440795289252 ns
[    1.667634] platform rtc_cmos: registered platform RTC device (no PNP device found)
[    1.672144] Scanning for low memory corruption every 60 seconds
[    1.675537] audit: initializing netlink subsys (disabled)
[    1.677390] audit: type=2000 audit(1613669406.355:1): initialized
[    1.680283] Initialise system trusted keyring
[    1.682528] HugeTLB registered 2 MB page size, pre-allocated 0 pages
[    1.685773] zbud: loaded
[    1.687253] VFS: Disk quotas dquot_6.6.0
[    1.688609] VFS: Dquot-cache hash table entries: 512 (order 0, 4096 bytes)
[    1.690957] squashfs: version 4.0 (2009/01/31) Phillip Lougher
[    1.693111] fuse init (API version 7.23)
[    1.695424] Key type big_key registered
[    1.696898] Allocating IMA MOK and blacklist keyrings.
[    1.700449] Key type asymmetric registered
[    1.701712] Asymmetric key parser 'x509' registered
[    1.703212] Block layer SCSI generic (bsg) driver version 0.4 loaded (major 249)
[    1.705535] io scheduler noop registered
[    1.706802] io scheduler deadline registered (default)
[    1.708280] io scheduler cfq registered
[    1.709923] pci_hotplug: PCI Hot Plug PCI Core version: 0.5
[    1.713102] pciehp: PCI Express Hot Plug Controller Driver version: 0.4
[    1.716602] ACPI: AC Adapter [AC] (off-line)
[    1.719078] input: Power Button as /devices/LNXSYSTM:00/LNXPWRBN:00/input/input0
[    1.722701] ACPI: Power Button [PWRF]
[    1.724636] input: Sleep Button as /devices/LNXSYSTM:00/LNXSLPBN:00/input/input1
[    1.729269] ACPI: Sleep Button [SLPF]
[    1.731211] GHES: HEST is not enabled!
[    1.732619] ACPI: Battery Slot [BAT0] (battery present)
[    1.735051] Serial: 8250/16550 driver, 32 ports, IRQ sharing enabled
[    1.758224] 00:02: ttyS0 at I/O 0x3f8 (irq = 4, base_baud = 115200) is a 16550A
[    1.768672] Linux agpgart interface v0.103
[    1.774963] loop: module loaded
[    1.778046] scsi host0: ata_piix
[    1.779570] scsi host1: ata_piix
[    1.780972] ata1: PATA max UDMA/33 cmd 0x1f0 ctl 0x3f6 bmdma 0xd000 irq 14
[    1.783136] ata2: PATA max UDMA/33 cmd 0x170 ctl 0x376 bmdma 0xd008 irq 15
[    1.785314] libphy: Fixed MDIO Bus: probed
[    1.786867] tun: Universal TUN/TAP device driver, 1.6
[    1.788718] tun: (C) 1999-2004 Max Krasnyansky <maxk@qualcomm.com>
[    1.791085] PPP generic driver version 2.4.2
[    1.792857] ehci_hcd: USB 2.0 'Enhanced' Host Controller (EHCI) Driver
[    1.795763] ehci-pci: EHCI PCI platform driver
[    1.797865] ehci-platform: EHCI generic platform driver
[    1.799986] ohci_hcd: USB 1.1 'Open' Host Controller (OHCI) Driver
[    1.802213] ohci-pci: OHCI PCI platform driver
[    1.803744] ohci-platform: OHCI generic platform driver
[    1.805373] uhci_hcd: USB Universal Host Controller Interface driver
[    1.807256] i8042: PNP: PS/2 Controller [PNP0303:PS2K,PNP0f03:PS2M] at 0x60,0x64 irq 1,12
[    1.811033] serio: i8042 KBD port at 0x60,0x64 irq 1
[    1.813371] serio: i8042 AUX port at 0x60,0x64 irq 12
[    1.816434] mousedev: PS/2 mouse device common for all mice
[    1.820315] input: AT Translated Set 2 keyboard as /devices/platform/i8042/serio0/input/input2
[    1.825546] rtc_cmos rtc_cmos: rtc core: registered rtc_cmos as rtc0
[    1.828912] rtc_cmos rtc_cmos: alarms up to one day, 114 bytes nvram
[    1.831655] i2c /dev entries driver
[    1.833570] device-mapper: uevent: version 1.0.3
[    1.835887] device-mapper: ioctl: 4.34.0-ioctl (2015-10-28) initialised: dm-devel@redhat.com
[    1.839482] ledtrig-cpu: registered to indicate activity on CPUs
[    1.845799] NET: Registered protocol family 10
[    1.847716] NET: Registered protocol family 17
[    1.849255] Key type dns_resolver registered
[    1.851055] registered taskstats version 1
[    1.852472] Loading compiled-in X.509 certificates
[    1.854743] Loaded X.509 cert 'Build time autogenerated kernel key: 9e5e2330314f2a00b0409bdb338e201244d5149f'
[    1.858690] zswap: loaded using pool lzo/zbud
[    1.867076] Key type trusted registered
[    1.876562] Key type encrypted registered
[    1.878618] AppArmor: AppArmor sha1 policy hashing enabled
[    1.881350] ima: No TPM chip found, activating TPM-bypass!
[    1.883144] ima: Allocated hash algorithm: sha1
[    1.884873] evm: HMAC attrs: 0x1
[    1.886734]   Magic number: 9:58:492
[    1.888059] rtc_cmos rtc_cmos: setting system clock to 2021-02-18 17:29:55 UTC (1613669395)
[    1.890670] BIOS EDD facility v0.16 2004-Jun-25, 0 devices found
[    1.892331] EDD information not available.
[    1.968321] Freeing unused kernel memory: 1492K
[    1.971411] Write protecting the kernel read-only data: 14336k
[    1.976613] Freeing unused kernel memory: 1588K
[    1.979463] Freeing unused kernel memory: 52K
Loading, please wait...
starting version 229
[    2.002549] random: systemd-udevd: uninitialized urandom read (16 bytes read, 5 bits of entropy available)
[    2.003039] random: udevadm: uninitialized urandom read (16 bytes read, 5 bits of entropy available)
[    2.003063] random: udevadm: uninitialized urandom read (16 bytes read, 5 bits of entropy available)
[    2.013942] random: udevadm: uninitialized urandom read (16 bytes read, 5 bits of entropy available)
[    2.014021] random: udevadm: uninitialized urandom read (16 bytes read, 5 bits of entropy available)
[    2.014263] random: udevadm: uninitialized urandom read (16 bytes read, 5 bits of entropy available)
[    2.014354] random: udevadm: uninitialized urandom read (16 bytes read, 5 bits of entropy available)
[    2.014444] random: udevadm: uninitialized urandom read (16 bytes read, 5 bits of entropy available)
[    2.014539] random: udevadm: uninitialized urandom read (16 bytes read, 5 bits of entropy available)
[    2.014626] random: udevadm: uninitialized urandom read (16 bytes read, 5 bits of entropy available)
[    2.108950] e1000: Intel(R) PRO/1000 Network Driver - version 7.3.21-k8-NAPI
[    2.113858] e1000: Copyright (c) 1999-2006 Intel Corporation.
[    2.117425] Fusion MPT base driver 3.04.20
[    2.119649] Copyright (c) 1999-2008 LSI Corporation
[    2.132842] Fusion MPT SPI Host driver 3.04.20
[    2.176854] AVX2 version of gcm_enc/dec engaged.
[    2.182146] AES CTR mode by8 optimization enabled
[    2.337679] input: ImExPS/2 Generic Explorer Mouse as /devices/platform/i8042/serio1/input/input4
[    2.754166] e1000 0000:00:03.0 eth0: (PCI:33MHz:32-bit) 02:0d:1b:31:1c:74
[    2.756578] e1000 0000:00:03.0 eth0: Intel(R) PRO/1000 Network Connection
[    2.761953] e1000 0000:00:03.0 enp0s3: renamed from eth0
[    2.767725] mptbase: ioc0: Initiating bringup
[    2.843433] ioc0: LSI53C1030 A0: Capabilities={Initiator}
[    3.012601] scsi host2: ioc0: LSI53C1030 A0, FwRev=00000000h, Ports=1, MaxQ=256, IRQ=20
[    3.127048] scsi 2:0:0:0: Direct-Access     VBOX     HARDDISK         1.0  PQ: 0 ANSI: 5
[    3.130272] scsi target2:0:0: Beginning Domain Validation
[    3.133815] scsi target2:0:0: Domain Validation skipping write tests
[    3.136304] scsi target2:0:0: Ending Domain Validation
[    3.148933] scsi target2:0:0: asynchronous
[    3.151388] scsi 2:0:1:0: Direct-Access     VBOX     HARDDISK         1.0  PQ: 0 ANSI: 5
[    3.154133] scsi target2:0:1: Beginning Domain Validation
[    3.156836] scsi target2:0:1: Domain Validation skipping write tests
[    3.158994] scsi target2:0:1: Ending Domain Validation
[    3.162729] scsi target2:0:1: asynchronous
[    3.176247] sd 2:0:0:0: Attached scsi generic sg0 type 0
[    3.179452] sd 2:0:0:0: [sda] 83886080 512-byte logical blocks: (42.9 GB/40.0 GiB)
[    3.180486] sd 2:0:1:0: [sdb] 20480 512-byte logical blocks: (10.5 MB/10.0 MiB)
[    3.180892] sd 2:0:1:0: Attached scsi generic sg1 type 0
[    3.181117] sd 2:0:1:0: [sdb] Write Protect is off
[    3.181452] sd 2:0:1:0: [sdb] Incomplete mode parameter data
[    3.181455] sd 2:0:1:0: [sdb] Assuming drive cache: write through
[    3.187568] sd 2:0:1:0: [sdb] Attached SCSI disk
[    3.198566] sd 2:0:0:0: [sda] Write Protect is off
[    3.200460] sd 2:0:0:0: [sda] Incomplete mode parameter data
[    3.202807] sd 2:0:0:0: [sda] Assuming drive cache: write through
[    3.208145]  sda: sda1
[    3.211890] sd 2:0:0:0: [sda] Attached SCSI disk
Begin: Loading essential drivers ... [    4.736179] md: linear personality registered for level -1
[    4.742089] md: multipath personality registered for level -4
[    4.747845] md: raid0 personality registered for level 0
[    4.754440] md: raid1 personality registered for level 1
[    4.829873] raid6: sse2x1   gen()  6502 MB/s
[    4.900540] raid6: sse2x1   xor()  1978 MB/s
[    4.969890] raid6: sse2x2   gen()  7735 MB/s
[    5.037818] raid6: sse2x2   xor()  5668 MB/s
[    5.105793] raid6: sse2x4   gen()  9446 MB/s
[    5.174070] raid6: sse2x4   xor()  5975 MB/s
[    5.241894] raid6: avx2x1   gen() 12943 MB/s
[    5.310466] raid6: avx2x2   gen() 16613 MB/s
[    5.381805] raid6: avx2x4   gen() 13960 MB/s
[    5.383278] raid6: using algorithm avx2x2 gen() 16613 MB/s
[    5.385120] raid6: using avx2x2 recovery algorithm
[    5.388482] xor: automatically using best checksumming function:
[    5.429970]    avx       : 21784.000 MB/sec
[    5.433404] async_tx: api initialized (async)
[    5.451463] md: raid6 personality registered for level 6
[    5.453504] md: raid5 personality registered for level 5
[    5.455525] md: raid4 personality registered for level 4
[    5.476749] md: raid10 personality registered for level 10
done.
Begin: Running /scripts/init-premount ... done.
Begin: Mounting root file system ... Begin: Running /scripts/local-top ... done.
Begin: Running /scripts/local-premount ... [    5.523597] Btrfs loaded
Scanning for Btrfs filesystems
done.
Warning: fsck not present, so skipping root file system
[    5.584113] EXT4-fs (sda1): INFO: recovery required on readonly filesystem
[    5.586785] EXT4-fs (sda1): write access will be enabled during recovery
[    5.652565] EXT4-fs (sda1): orphan cleanup on readonly fs
[    5.656707] EXT4-fs (sda1): 3 orphan inodes deleted
[    5.658386] EXT4-fs (sda1): recovery complete
[    5.662131] EXT4-fs (sda1): mounted filesystem with ordered data mode. Opts: (null)
done.
Begin: Running /scripts/local-bottom ... done.
Begin: Running /scripts/init-bottom ... done.
[    5.932666] systemd[1]: systemd 229 running in system mode. (+PAM +AUDIT +SELINUX +IMA +APPARMOR +SMACK +SYSVINIT +UTMP +LIBCRYPTSETUP +GCRYPT +GNUTLS +ACL +XZ -LZ4 +SECCOMP +BLKID +ELFUTILS +KMOD -IDN)
[    5.947824] systemd[1]: Detected virtualization oracle.
[    5.949857] systemd[1]: Detected architecture x86-64.

Welcome to [1mUbuntu 16.04.7 LTS[0m!

[    5.978437] systemd[1]: Set hostname to <ubuntu-xenial>.
[    6.421840] systemd[1]: Listening on LVM2 metadata daemon socket.
[[0;32m  OK  [0m] Listening on LVM2 metadata daemon socket.
[    6.426342] systemd[1]: Listening on LVM2 poll daemon socket.
[[0;32m  OK  [0m] Listening on LVM2 poll daemon socket.
[    6.432290] systemd[1]: Reached target Encrypted Volumes.
[[0;32m  OK  [0m] Reached target Encrypted Volumes.
[    6.435812] systemd[1]: Reached target System Time Synchronized.
[[0;32m  OK  [0m] Reached target System Time Synchronized.
[    6.439811] systemd[1]: Listening on /dev/initctl Compatibility Named Pipe.
[[0;32m  OK  [0m] Listening on /dev/initctl Compatibility Named Pipe.
[    6.445422] systemd[1]: Created slice User and Session Slice.
[[0;32m  OK  [0m] Created slice User and Session Slice.
[    6.449184] systemd[1]: Listening on Journal Socket (/dev/log).
[[0;32m  OK  [0m] Listening on Journal Socket (/dev/log).
[    6.466637] systemd[1]: Started Forward Password Requests to Wall Directory Watch.
[[0;32m  OK  [0m] Started Forward Password Requests to Wall Directory Watch.
[    6.475055] systemd[1]: Reached target User and Group Name Lookups.
[[0;32m  OK  [0m] Reached target User and Group Name Lookups.
[    6.481598] systemd[1]: Set up automount Arbitrary Executable File Formats File System Automount Point.
[[0;32m  OK  [0m] Set up automount Arbitrary Executab...ats File System Automount Point.
[    6.487451] systemd[1]: Listening on udev Control Socket.
[[0;32m  OK  [0m] Listening on udev Control Socket.
[    6.491396] systemd[1]: Listening on Syslog Socket.
[[0;32m  OK  [0m] Listening on Syslog Socket.
[    6.502732] systemd[1]: Created slice System Slice.
[[0;32m  OK  [0m] Created slice System Slice.
[    6.506447] systemd[1]: Reached target Slices.
[[0;32m  OK  [0m] Reached target Slices.
[    6.512088] systemd[1]: Created slice system-serial\x2dgetty.slice.
[[0;32m  OK  [0m] Created slice system-serial\x2dgetty.slice.
[    6.526473] systemd[1]: Listening on Journal Socket.
[[0;32m  OK  [0m] Listening on Journal Socket.
[    6.545918] systemd[1]: Mounting Huge Pages File System...
         Mounting Huge Pages File System...
[    6.554542] systemd[1]: Starting Load Kernel Modules...
         Starting Load Kernel Modules...
[    6.564686] systemd[1]: Starting Create list of required static device nodes for the current kernel...
         Starting Create list of required st... nodes for the current kernel...
[    6.580933] Loading iSCSI transport class v2.0-870.
[    6.585914] systemd[1]: Mounting Debug File System...
         Mounting Debug File System...
[    6.604649] systemd[1]: Mounting POSIX Message Queue File System...
         Mounting POSIX Message Queue File System...
[    6.614755] systemd[1]: Starting Remount Root and Kernel File Systems...
[    6.619065] iscsi: registered transport (tcp)
         Starting Remount Root and Kernel File Systems...
[    6.624967] systemd[1]: Starting Nameserver information manager...
[    6.629276] EXT4-fs (sda1): re-mounted. Opts: (null)
         Starting Nameserver information manager...
[    6.634886] systemd[1]: Starting Set console keymap...
         Starting Set console keymap...
[    6.639382] systemd[1]: Reached target Swap.
[[0;32m  OK  [0m] Reached target Swap.
[    6.644628] systemd[1]: Listening on Journal Audit Socket.
[[0;32m  OK  [0m] Listening on Journal Audit Socket.
[    6.664443] systemd[1]: Starting Journal Service...
         Starting Journal Service...
[    6.668638] systemd[1]: Listening on Device-mapper event daemon FIFOs.
[[0;32m  OK  [0m] Listening on Device-mapper event daemon FIFOs.
[    6.680194] systemd[1]: Starting Monitoring of LVM2 mirrors, snapshots etc. using dmeventd or progress polling...
         Starting Monitoring of LVM2 mirrors... dmeventd or progress polling...
[    6.689260] systemd[1]: Started Trigger resolvconf update for networkd DNS.
[[0;32m  OK  [0m] Started Trigger resolvconf update for networkd DNS.
[    6.696258] systemd[1]: Starting Uncomplicated firewall...
         Starting Uncomplicated firewall...
[    6.701717] random: nonblocking pool is initialized
[    6.703939] systemd[1]: Listening on udev Kernel Socket.
[[0;32m  OK  [0m] Listening on udev Kernel Socket.
[    6.715299] systemd[1]: Mounted POSIX Message Queue File System.
[[0;32m  OK  [0m] Mounted POSIX Message Queue File System.
[    6.726784] systemd[1]: Mounted Huge Pages File System.
[[0;32m  OK  [0m] Mounted Huge Pages File System.
[    6.732233] systemd[1]: Mounted Debug File System.
[[0;32m  OK  [0m] Mounted Debug File System.
[    6.736581] systemd[1]: Started Create list of required static device nodes for the current kernel.
[[0;32m  OK  [0m] Started Create list of required sta...ce nodes for the current kernel.
[    6.746261] systemd[1]: Started Remount Root and Kernel File Systems.
[[0;32m  OK  [0m] Started Remount Root and Kernel File Systems.
[    6.756342] iscsi: registered transport (iser)
[    6.767660] systemd[1]: Started Load Kernel Modules.
[[0;32m  OK  [0m] Started Load Kernel Modules.
[    6.783358] systemd[1]: Started Set console keymap.
[[0;32m  OK  [0m] Started Set console keymap.
[    6.786766] systemd[1]: Started Uncomplicated firewall.
[[0;32m  OK  [0m] Started Uncomplicated firewall.
[    6.798577] systemd[1]: Started Nameserver information manager.
[[0;32m  OK  [0m] Started Nameserver information manager.
[    6.806744] systemd[1]: Started Journal Service.
[[0;32m  OK  [0m] Started Journal Service.
[[0;32m  OK  [0m] Started LVM2 metadata daemon.
         Starting Apply Kernel Variables...
         Mounting FUSE Control File System...
         Starting Flush Journal to Persistent Storage...
         Starting Load/Save Random Seed...
         Starting udev Coldplug all Devices...
         Starting Create Static Device Nodes in /dev...
[[0;32m  OK  [0m] Mounted FUSE Control File System.
[[0;32m  OK  [0m] Started Apply Kernel Variables.
[[0;32m  OK  [0m] Started Load/Save Random Seed.
[[0;32m  OK  [0m] Started Flush Journal to Persistent Storage.
[[0;32m  OK  [0m] Started Create Static Device Nodes in /dev.
         Starting udev Kernel Device Manager...
[[0;32m  OK  [0m] Started udev Coldplug all Devices.
[[0;32m  OK  [0m] Started udev Kernel Device Manager.
[[0;32m  OK  [0m] Started Dispatch Password Requests to Console Directory Watch.
[[0;32m  OK  [0m] Started Monitoring of LVM2 mirrors,...ng dmeventd or progress polling.
[[0;32m  OK  [0m] Reached target Local File Systems (Pre).
         Mounting /vagrant...
[[0;32m  OK  [0m] Reached target Local File Systems.
         Starting Initial cloud-init job (pre-networking)...
         Starting Tell Plymouth To Write Out Runtime Data...
         Starting Set console font and keymap...
         Starting Create Volatile Files and Directories...
         Starting LSB: AppArmor initialization...
[[0;1;31mFAILED[0m] Failed to mount /vagrant.
See 'systemctl status vagrant.mount' for details.
[[0;32m  OK  [0m] Started Tell Plymouth To Write Out Runtime Data.
[[0;32m  OK  [0m] Started Create Volatile Files and Directories.
[[0;32m  OK  [0m] Found device /dev/ttyS0.
         Starting Update UTMP about System Boot/Shutdown...
[[0;32m  OK  [0m] Started Update UTMP about System Boot/Shutdown.
[[0;32m  OK  [0m] Listening on Load/Save RF Kill Switch Status /dev/rfkill Watch.
[[0;32m  OK  [0m] Started LSB: AppArmor initialization.
         Starting Load AppArmor profiles managed internally by snapd...
[[0;32m  OK  [0m] Started Load AppArmor profiles managed internally by snapd.
[[0;32m  OK  [0m] Found device 82540EM Gigabit Ethern...r (PRO/1000 MT Desktop Adapter).
[[0;32m  OK  [0m] Started Set console font and keymap.
[[0;32m  OK  [0m] Created slice system-getty.slice.
[    8.926466] cloud-init[496]: Cloud-init v. 20.4.1-0ubuntu1~16.04.1 running 'init-local' at Thu, 18 Feb 2021 17:30:02 +0000. Up 8.36 seconds.
[[0;32m  OK  [0m] Started Initial cloud-init job (pre-networking).
[[0;32m  OK  [0m] Reached target Network (Pre).
[[0;32m  OK  [0m] Started ifup for enp0s3.
         Starting Raise network interfaces...
[[0;32m  OK  [0m] Started Raise network interfaces.
         Starting Initial cloud-init job (metadata service crawler)...
[[0;32m  OK  [0m] Reached target Network.
[    9.950266] cloud-init[976]: Cloud-init v. 20.4.1-0ubuntu1~16.04.1 running 'init' at Thu, 18 Feb 2021 17:30:03 +0000. Up 9.58 seconds.
[    9.955528] cloud-init[976]: ci-info: +++++++++++++++++++++++++++++++++++++Net device info++++++++++++++++++++++++++++++++++++++
[    9.960508] cloud-init[976]: ci-info: +--------+------+---------------------------+---------------+--------+-------------------+
[    9.966189] cloud-init[976]: ci-info: | Device |  Up  |          Address          |      Mask     | Scope  |     Hw-Address    |
[    9.970736] cloud-init[976]: ci-info: +--------+------+---------------------------+---------------+--------+-------------------+
[    9.974519] cloud-init[976]: ci-info: | enp0s3 | True |         10.0.2.15         | 255.255.255.0 | global | 02:0d:1b:31:1c:74 |
[    9.979855] cloud-init[976]: ci-info: | enp0s3 | True | fe80::d:1bff:fe31:1c74/64 |       .       |  link  | 02:0d:1b:31:1c:74 |
[    9.985713] cloud-init[976]: ci-info: |   lo   | True |         127.0.0.1         |   255.0.0.0   |  host  |         .         |
[    9.996669] cloud-init[976]: ci-info: |   lo   | True |          ::1/128          |       .       |  host  |         .         |
[   10.001550] cloud-init[976]: ci-info: +--------+------+---------------------------+---------------+--------+-------------------+
[   10.012977] cloud-init[976]: ci-info: +++++++++++++++++++++++++++Route IPv4 info++++++++++++++++++++++++++++
[   10.018549] cloud-init[976]: ci-info: +-------+-------------+----------+---------------+-----------+-------+
[   10.022672] cloud-init[976]: ci-info: | Route | Destination | Gateway  |    Genmask    | Interface | Flags |
[   10.026923] cloud-init[976]: ci-info: +-------+-------------+----------+---------------+-----------+-------+
[   10.031321] cloud-init[976]: ci-info: |   0   |   0.0.0.0   | 10.0.2.2 |    0.0.0.0    |   enp0s3  |   UG  |
[   10.036990] cloud-init[976]: ci-info: |   1   |   10.0.2.0  | 0.0.0.0  | 255.255.255.0 |   enp0s3  |   U   |
[   10.041067] cloud-init[976]: ci-info: +-------+-------------+----------+---------------+-----------+-------+
[   10.044518] cloud-init[976]: ci-info: +++++++++++++++++++Route IPv6 info+++++++++++++++++++
[   10.048858] cloud-init[976]: ci-info: +-------+-------------+---------+-----------+-------+
[   10.051621] cloud-init[976]: ci-info: | Route | Destination | Gateway | Interface | Flags |
[   10.055109] cloud-init[976]: ci-info: +-------+-------------+---------+-----------+-------+
[   10.057912] cloud-init[976]: ci-info: |   0   |  fe80::/64  |    ::   |   enp0s3  |   U   |
[   10.061727] cloud-init[976]: ci-info: |   3   |   ff00::/8  |    ::   |   enp0s3  |   U   |
[   10.064994] cloud-init[976]: ci-info: +-------+-------------+---------+-----------+-------+
[[0;32m  OK  [0m] Started Initial cloud-init job (metadata service crawler).
[[0;32m  OK  [0m] Reached target Cloud-config availability.
[[0;32m  OK  [0m] Reached target Network is Online.
         Starting iSCSI initiator daemon (iscsid)...
[[0;32m  OK  [0m] Reached target System Initialization.
         Starting Socket activation for snappy daemon.
[[0;32m  OK  [0m] Started ACPI Events Check.
[[0;32m  OK  [0m] Reached target Paths.
[[0;32m  OK  [0m] Started Daily apt download activities.
[[0;32m  OK  [0m] Started Daily apt upgrade and clean activities.
[[0;32m  OK  [0m] Listening on D-Bus System Message Bus Socket.
[[0;32m  OK  [0m] Listening on UUID daemon activation socket.
[[0;32m  OK  [0m] Started Daily Cleanup of Temporary Directories.
         Starting LXD - unix socket.
[[0;32m  OK  [0m] Started Message of the Day.
[[0;32m  OK  [0m] Reached target Timers.
[[0;32m  OK  [0m] Listening on ACPID Listen Socket.
[[0;32m  OK  [0m] Listening on Socket activation for snappy daemon.
[[0;32m  OK  [0m] Listening on LXD - unix socket.
[[0;32m  OK  [0m] Reached target Sockets.
[[0;32m  OK  [0m] Reached target Basic System.
         Starting LXD - container startup/shutdown...
[[0;32m  OK  [0m] Started Regular background program processing daemon.
[[0;32m  OK  [0m] Started FUSE filesystem for LXC.
         Starting LSB: MD monitoring daemon...
[[0;32m  OK  [0m] Started D-Bus System Message Bus.
         Starting Login Service...
         Starting Virtualbox guest utils...
[[0;32m  OK  [0m] Started Deferred execution scheduler.
         Starting System Logging Service...
         Starting OpenBSD Secure Shell server...
[[0;32m  OK  [0m] Started ACPI event daemon.
         Starting Accounts Service...
         Starting LSB: Record successful boot for GRUB...
         Starting Snap Daemon...
         Starting /etc/rc.local Compatibility...
[[0;32m  OK  [0m] Started iSCSI initiator daemon (iscsid).
[[0;32m  OK  [0m] Started LXD - container startup/shutdown.
[[0;32m  OK  [0m] Started /etc/rc.local Compatibility.
[[0;32m  OK  [0m] Started Login Service.
[[0;32m  OK  [0m] Started Unattended Upgrades Shutdown.
         Starting Login to default iSCSI targets...
[[0;32m  OK  [0m] Started System Logging Service.
[[0;32m  OK  [0m] Started OpenBSD Secure Shell server.
[[0;32m  OK  [0m] Started LSB: MD monitoring daemon.
[[0;32m  OK  [0m] Started LSB: Record successful boot for GRUB.
         Starting Authenticate and Authorize Users to Run Privileged Tasks...
[[0;32m  OK  [0m] Started Login to default iSCSI targets.
[[0;32m  OK  [0m] Reached target Remote File Systems (Pre).
[[0;32m  OK  [0m] Reached target Remote File Systems.
         Starting LSB: daemon to balance interrupts for SMP systems...
         Starting LSB: Set the CPU Frequency Scaling governor to "ondemand"...
         Starting LSB: automatic crash report generation...
         Starting Permit User Sessions...
[[0;32m  OK  [0m] Started Permit User Sessions.
         Starting Hold until boot process finishes up...
         Starting Terminate Plymouth Boot Screen...
[[0;32m  OK  [0m] Started LSB: Set the CPU Frequency Scaling governor to "ondemand".
[[0;32m  OK  [0m] Started Hold until boot process finishes up.
[[0;32m  OK  [0m] Started LSB: automatic crash report generation.
[[0;32m  OK  [0m] Started Terminate Plymouth Boot Screen.
[[0;32m  OK  [0m] Started Serial Getty on ttyS0.
[[0;32m  OK  [0m] Started Getty on tty1.
[[0;32m  OK  [0m] Reached target Login Prompts.
         Starting Set console scheme...
[[0;32m  OK  [0m] Started LSB: daemon to balance interrupts for SMP systems.
[[0;32m  OK  [0m] Started Set console scheme.
[[0;32m  OK  [0m] Started Authenticate and Authorize Users to Run Privileged Tasks.
[[0;32m  OK  [0m] Started Accounts Service.
[[0;32m  OK  [0m] Started Virtualbox guest utils.
[[0;32m  OK  [0m] Started Snap Daemon.
         Starting Wait until snapd is fully seeded...
[[0;32m  OK  [0m] Started Wait until snapd is fully seeded.
[[0;32m  OK  [0m] Reached target Multi-User System.
[[0;32m  OK  [0m] Reached target Graphical Interface.
         Starting Update UTMP about System Runlevel Changes...
         Starting Apply the settings specified in cloud-config...
[[0;32m  OK  [0m] Started Update UTMP about System Runlevel Changes.
[   11.726991] cloud-init[1233]: Cloud-init v. 20.4.1-0ubuntu1~16.04.1 running 'modules:config' at Thu, 18 Feb 2021 17:30:05 +0000. Up 11.55 seconds.
[[0;32m  OK  [0m] Started Apply the settings specified in cloud-config.
         Starting Execute cloud user/final scripts...
[   12.304813] cloud-init[1243]: Cloud-init v. 20.4.1-0ubuntu1~16.04.1 running 'modules:final' at Thu, 18 Feb 2021 17:30:06 +0000. Up 12.14 seconds.
[   12.309438] cloud-init[1243]: Cloud-init v. 20.4.1-0ubuntu1~16.04.1 finished at Thu, 18 Feb 2021 17:30:06 +0000. Datasource DataSourceNoCloud [seed=/dev/sdb][dsmode=net].  Up 12.29 seconds
[[0;32m  OK  [0m] Started Execute cloud user/final scripts.
[[0;32m  OK  [0m] Reached target Cloud-init target.

Ubuntu 16.04.7 LTS ubuntu-xenial ttyS0

ubuntu-xenial login: 